2021-02-14T01:49:02.452Z info: 171.252.153.147 GET https://www.fshare.vn/file/JS65WU8DVZ5D
2021-02-14T01:49:02.455Z info: getting download link...
2021-02-14T01:49:02.711Z info: https://download017.fshare.vn/dl/GEd0EjQ7IMgjnMvYfhrOYBVu-wbzF5FZSudFGxygS573Vjg-+Th15lLCWXu0pnoJGLaXEBgHHuoFKqAR/Win%2010%201809%20x64%20Lehait.iso
2021-02-14T01:49:02.943Z info: shortenUrl: http://link1s.com/FhMxwOK7
2021-02-14T01:50:14.441Z info: start download
2021-02-14T01:50:16.063Z info: download done
2021-02-14T01:50:16.197Z info: start download
2021-02-14T01:50:34.022Z info: download done
2021-02-14T01:50:34.943Z info: start download
2021-02-14T01:50:35.101Z info: download done
2021-02-14T01:50:37.191Z info: start download
2021-02-14T01:50:38.322Z info: download done
2021-02-14T01:50:38.422Z info: start download
2021-02-14T01:50:44.738Z info: download done
2021-02-14T01:50:51.493Z info: start download
2021-02-14T01:50:51.667Z info: download done
2021-02-14T01:50:51.898Z info: start download
2021-02-14T01:53:15.585Z info: 171.249.157.231 GET https://www.fshare.vn/file/TQYESJYYN38M6PRE
2021-02-14T01:53:15.585Z info: getting download link...
2021-02-14T01:53:16.470Z info: https://download033.fshare.vn/dl/CrGaDiWLU2qgVn1KxbKmfQVmtLKlaypcS5ojditvbQR-MdAIU4-+F+tlMilrPh6pK+fG0-CdFTV0BczO/Blood%20Moon%20Party%202020%201080p%20WEB-DL%20DDP%205.1%20H.264%20-%20HBO.mkv
2021-02-14T01:53:16.727Z info: shortenUrl: http://link1s.com/dK1WJfH
2021-02-14T01:54:14.504Z info: start download
2021-02-14T01:54:14.820Z info: download done
2021-02-14T01:54:15.021Z info: start download
2021-02-14T01:58:45.674Z info: download done
2021-02-14T01:58:45.978Z info: start download
2021-02-14T02:00:57.960Z info: download done
2021-02-14T02:05:40.215Z info: start download
2021-02-14T02:05:42.774Z info: download done
2021-02-14T02:05:42.882Z info: start download
2021-02-14T02:07:39.470Z info: download done
2021-02-14T02:09:22.851Z info: download done
2021-02-14T02:29:41.329Z info: 171.224.180.192 GET https://www.fshare.vn/file/AIE59M4C4AT2HZA
2021-02-14T02:29:41.330Z info: getting download link...
2021-02-14T02:29:41.642Z info: https://download028.fshare.vn/dl/OmhXewEwm+0zpUT2aL2rJ-zTZ2-CKs3lCelLC783My7KkLLIX88I5wMTFr469yJ4krTzScqzKFjrBWp4/Annabelle.Creation.2017.ViE.1080p.KORSUB.HDRip.x264.AAC2.0-STUTTERSHIT1.mkv
2021-02-14T02:29:41.881Z info: shortenUrl: http://link1s.com/8CdC
2021-02-14T02:30:39.832Z info: start download
2021-02-14T02:30:40.402Z info: download done
2021-02-14T02:30:40.508Z info: start download
2021-02-14T02:31:19.309Z info: download done
2021-02-14T03:22:07.413Z info: 99.247.164.122 GET https://www.fshare.vn/file/TQYESJYYN38M6PRE
2021-02-14T03:22:07.413Z info: getting download link...
2021-02-14T03:22:07.715Z info: https://download803.fshare.vn/dl/5kOHpIfcgRMHk5DOmEmTxxL7U2m+gXY1fhJDWTQYq+v6FyRFD8B1QUu8FeuUkwXx-5h3kILwiQyxerY5/Blood%20Moon%20Party%202020%201080p%20WEB-DL%20DDP%205.1%20H.264%20-%20HBO.mkv
2021-02-14T03:22:07.949Z info: shortenUrl: http://link1s.com/rs1oHcNt
2021-02-14T03:23:37.786Z info: start download
2021-02-14T03:38:05.390Z info: download done
2021-02-14T03:41:06.512Z info: start download
2021-02-14T03:58:21.248Z info: 123.18.89.96 GET https://www.fshare.vn/file/CLQJBKNDKF9N
2021-02-14T03:58:21.249Z info: getting download link...
2021-02-14T03:58:31.887Z info: https://download023.fshare.vn/dl/-xEfVvIcSxW-MlbKTiN4qjoEhHm8cjm+8wNezzIgBC8oh0bxPwiOenoEKzGb4KESCRcEdx76EuOOo3JA/WandaVision.S01E06.Episode.6.2021.1080p.DSNP.WEB-DL.DDP5.1.H.264-TOMMY%20%20%28Sub%20Viet%29.mkv
2021-02-14T03:58:32.174Z info: shortenUrl: http://link1s.com/Z4f9ud
2021-02-14T03:58:53.245Z info: start download
2021-02-14T03:58:53.439Z info: download done
2021-02-14T03:58:53.689Z info: start download
2021-02-14T04:02:40.566Z info: download done
2021-02-14T04:02:40.848Z info: start download
2021-02-14T04:04:58.523Z info: download done
2021-02-14T04:07:28.604Z info: 171.251.238.100 GET https://www.fshare.vn/file/KVGC1V3I2EMM
2021-02-14T04:07:28.604Z info: getting download link...
2021-02-14T04:07:39.310Z info: https://download006.fshare.vn/dl/diKiCDD8KdvbQxH8LQd+gBcTUziUTqY79aZdXQ9bjB5Bg+SXoNL1s3ImjOCNsnEHgWVID+vRDEo1hBvL/Hot%20Teen%20Plays%20With%20Sex%20Toy.mp4
2021-02-14T04:07:39.609Z info: shortenUrl: http://link1s.com/dlqJj
2021-02-14T04:12:07.939Z info: 222.252.56.128 GET https://www.fshare.vn/file/G4ZDLM26BV4O
2021-02-14T04:12:07.940Z info: getting download link...
2021-02-14T04:12:08.837Z info: https://download015.fshare.vn/dl/-Cvw2TxCWra94sYCwDyVutGlpg8mjOL3tiYtmhtNWkPdk47wUs8-ergz2UO00IVSJJaQipgrsN7fPl55/The.Eight.Hundred.2020.720p.BluRay.DD5.1.x264-WiKi.mkv
2021-02-14T04:12:09.118Z info: shortenUrl: http://link1s.com/Sz961
2021-02-14T04:12:09.464Z info: start download
2021-02-14T04:12:09.783Z info: download done
2021-02-14T04:12:09.901Z info: start download
2021-02-14T04:13:24.045Z info: start download
2021-02-14T04:13:36.514Z info: start download
2021-02-14T04:13:43.642Z info: download done
2021-02-14T04:16:15.730Z info: download done
2021-02-14T04:17:52.564Z info: 171.251.238.100 GET https://www.fshare.vn/file/8AHARMLU9EYB
2021-02-14T04:17:52.565Z info: getting download link...
2021-02-14T04:17:52.837Z info: https://download026.fshare.vn/dl/2lwJejI-ZbEcUrjGIN5r-i2cqTX-4+BHudma+g+IEmNED4urF6v9QsmzgFFIaiS2d3vvEoIYXudP0NWx/Give%20And%20Take.mp4
2021-02-14T04:17:53.181Z info: shortenUrl: http://link1s.com/h8lPsq
2021-02-14T04:21:57.118Z info: start download
2021-02-14T04:21:57.460Z info: download done
2021-02-14T04:21:57.548Z info: start download
2021-02-14T04:23:39.967Z info: download done
2021-02-14T04:24:03.364Z info: 42.118.52.89 GET https://www.fshare.vn/file/NKJS3Q6BTXZS
2021-02-14T04:24:03.364Z info: getting download link...
2021-02-14T04:24:03.756Z info: https://download010.fshare.vn/dl/NUo52HLLJz3X-Iya8tqXaZdVOihbWReR89LExIBSZ9rEGzUy3FQv2R-64iy0MZH2d+2at3ptdDM4b+R-/thuthuat.dianguc.info-FIFA-2010.iso
2021-02-14T04:24:04.087Z info: shortenUrl: http://link1s.com/hid6
2021-02-14T04:25:34.368Z info: start download
2021-02-14T04:26:26.237Z info: download done
2021-02-14T04:30:36.688Z info: 117.2.210.21 GET https://www.fshare.vn/file/U5UKZ1W6VM6O
2021-02-14T04:30:36.689Z info: getting download link...
2021-02-14T04:30:36.960Z info: https://download017.fshare.vn/dl/+v+E1gENt90Q8w6FsG2eiP8ZLFKyEArF4PGJizBlXPTMBxC6AgEVqfM6rJvmpPWGYpKdK78SUdjNuifS/TUT4ALL.COM__Adobe%20Media%20Encoder%20CC%202020%2014.2.0.45.iso
2021-02-14T04:30:37.326Z info: shortenUrl: http://link1s.com/GLJaxP7w
2021-02-14T04:30:50.387Z info: start download
2021-02-14T04:30:50.808Z info: download done
2021-02-14T04:30:50.963Z info: start download
2021-02-14T04:33:52.029Z info: download done
2021-02-14T04:33:52.150Z info: download done
2021-02-14T05:10:19.963Z info: 125.235.235.120 GET https://www.fshare.vn/file/H2LHFFKAF1JC
2021-02-14T05:10:19.964Z info: getting download link...
2021-02-14T05:10:23.458Z info: https://download012.fshare.vn/dl/n0S1JG22N+XGHIzVKQb1ZLALoMfNRLz2WiYo070QEGPxL87+2rx0CSdgzRUXo-Av9BFpdimUpPZhWcgV/ONT30.rar
2021-02-14T05:10:23.796Z info: shortenUrl: http://link1s.com/Sz9m
2021-02-14T05:10:36.147Z info: start download
2021-02-14T05:15:37.079Z info: download done
2021-02-14T05:18:35.897Z info: 171.251.238.100 GET https://www.fshare.vn/file/P5AROTVM7T8H
2021-02-14T05:18:35.897Z info: getting download link...
2021-02-14T05:18:36.193Z info: https://download039.fshare.vn/dl/nBkuDZLj0k40Sbq9cHKKsWFw8X5R-V12Ejc8gtOeChaMnyxJrIGhB1Qc6hbrSU5RreEtBy1mzrYDXe55/baeb.17.01.11.leah.gotti.flexible.fuck.4k.mp4
2021-02-14T05:18:36.458Z info: shortenUrl: http://link1s.com/MtsnZb
2021-02-14T05:19:29.317Z info: start download
2021-02-14T05:19:29.648Z info: download done
2021-02-14T05:19:29.769Z info: start download
2021-02-14T05:28:35.647Z info: 171.232.54.196 GET http://www.fshare.vn/file/6VL4HUIQW17K
2021-02-14T05:28:35.647Z info: getting download link...
2021-02-14T05:28:46.025Z info: https://download024.fshare.vn/dl/P-f90BNUFTPwVqvTTkZm50BFj-5K16otCjgI36qZn2oZ+Jd0RJC-9VcjMASnafZTYlBDzm+-9XNt-dan/Blood.Moon.Party.2020.VIETNAMESE.ENSUBBED.1080p.AMZN.WEBRip.DDP5.1.x264-NOGRP.mkv
2021-02-14T05:28:46.319Z info: shortenUrl: http://link1s.com/CqlS7
2021-02-14T05:30:36.774Z info: download done
2021-02-14T05:30:51.697Z info: 171.251.238.100 GET https://www.fshare.vn/file/Y232O1RJ5R7D
2021-02-14T05:30:51.697Z info: getting download link...
2021-02-14T05:30:52.083Z info: https://download025.fshare.vn/dl/9iCt2zxfvsVHqGnhVyh8KsGFXvPpZ4w0domKLpnjC4yIVGpKTf+1-5FFvD505iFa5ybQCJGux-dafNAD/Dani.Daniels.Allie.Haze.BLACKED.15.01.19.XXX.1080.mp4
2021-02-14T05:30:52.297Z info: shortenUrl: http://link1s.com/ECdCJ
2021-02-14T05:31:41.819Z info: start download
2021-02-14T05:31:42.073Z info: download done
2021-02-14T05:31:42.172Z info: start download
2021-02-14T05:45:22.811Z info: download done
2021-02-14T05:45:38.103Z info: 14.168.176.90 GET https://www.fshare.vn/file/GC341JBN5EAY
2021-02-14T05:45:38.103Z info: getting download link...
2021-02-14T05:45:48.476Z info: https://download001.fshare.vn/dl/Z23YDfoODUolsPmwF3Gz0LdSQZZnWurwckJ3IJD3JTckTzZEqfZGeoApk0kOIxCqwCRqgIrMN6VOJoZF/Stardew.Valley.v1.5.4_LinkNeverDie.Com.rar
2021-02-14T05:45:48.726Z info: shortenUrl: http://link1s.com/lKpM5d
2021-02-14T05:46:46.026Z info: start download
2021-02-14T05:46:46.651Z info: download done
2021-02-14T05:46:46.853Z info: start download
2021-02-14T05:47:15.890Z info: download done
2021-02-14T05:52:27.224Z info: 113.188.97.0 GET https://www.fshare.vn/file/2W4HVPKGC21P
2021-02-14T05:52:27.224Z info: getting download link...
2021-02-14T05:52:27.540Z info: https://download018.fshare.vn/dl/UfbT+9Pc89v9j3sOPRmCFDqrSg+ZtdkA66zPwi6FTxOEicJUo2+OJQq7ej1813gENr+sc+WgsDfx66Pa/CrossOver_20.0.4.dmg
2021-02-14T05:52:27.817Z info: shortenUrl: http://link1s.com/c4ph
2021-02-14T05:53:42.635Z info: start download
2021-02-14T05:53:59.578Z info: download done
2021-02-14T05:56:29.899Z info: 222.252.107.83 GET https://www.fshare.vn/file/NG2NSR57AKNCI78B
2021-02-14T05:56:29.900Z info: getting download link...
2021-02-14T05:56:30.215Z info: https://download803.fshare.vn/dl/PiEcAIhRBWjChNzkeuJFUQfOUDpPz0kivbWx-TOIkkfqejKIW65sdXzok0t6feRaTUya3QpLlLXbKi+8/Tiec%20Trang%20Mau.mkv
2021-02-14T05:56:30.440Z info: shortenUrl: http://link1s.com/tyU2hnE
2021-02-14T05:58:01.218Z info: start download
2021-02-14T06:08:30.264Z info: start download
2021-02-14T06:09:51.884Z info: download done
2021-02-14T06:13:13.904Z info: 171.251.238.100 GET https://www.fshare.vn/file/J5TE9RTJXSVT5Z8
2021-02-14T06:13:13.904Z info: getting download link...
2021-02-14T06:13:14.226Z info: https://download005.fshare.vn/dl/8i7AB61QmHecsWDwHgPpLmtG9RWW7Lq-LL+7MykVl86Z126J774Q7921p2YI7Kfzei2DMU7XhZFl-wAt/Crime.Scene.The.Vanishing.at.the.Cecil.Hotel.S01E01.Lost.in.Los.Angeles.1080p.NF.WEB-DL.DDP5.1.x264-PAAI.mkv
2021-02-14T06:13:14.565Z info: shortenUrl: http://link1s.com/qkPt
2021-02-14T06:14:03.938Z info: start download
2021-02-14T06:14:04.158Z info: download done
2021-02-14T06:14:04.253Z info: start download
2021-02-14T06:17:04.019Z info: download done
2021-02-14T06:17:20.007Z info: download done
2021-02-14T06:23:46.249Z info: download done
2021-02-14T06:25:29.475Z info: 171.251.238.100 GET https://www.fshare.vn/file/YTX1YIGEC926FB2
2021-02-14T06:25:29.475Z info: getting download link...
2021-02-14T06:25:29.779Z info: https://download019.fshare.vn/dl/7manj6ZQrU0KwCOCFIg79N0weTPG44WNEVPr3Km4K1G6BfsJWovndiWz390McEjzgpwFsaEig9PkKziL/Crime.Scene.The.Vanishing.at.the.Cecil.Hotel.S01E02.Secrets.of.the.Cecil.1080p.NF.WEB-DL.DDP5.1.x264-PAAI.mkv
2021-02-14T06:25:30.061Z info: shortenUrl: http://link1s.com/2bHXzmY
2021-02-14T06:26:19.446Z info: start download
2021-02-14T06:26:19.697Z info: download done
2021-02-14T06:26:19.778Z info: start download
2021-02-14T06:35:50.058Z info: download done
2021-02-14T06:40:03.131Z info: 14.234.209.22 GET https://www.fshare.vn/file/XYQHWU9HE9T5
2021-02-14T06:40:03.131Z info: getting download link...
2021-02-14T06:40:03.568Z info: https://download003.fshare.vn/dl/Ai656XeRl3ZWfX5hbVmYqYoMYqnOEtDyKE0RK8xtuZeZ5G0szcAu69mPXIKdwyzm0jhayluU+vlJb0M+/Excel%20%E1%BB%A9ng%20d%E1%BB%A5ng%20th%E1%BB%B1c%20t%E1%BA%BF%20trong%20doanh%20nghi%E1%BB%87p.rar
2021-02-14T06:40:03.901Z info: shortenUrl: http://link1s.com/IqJwA
2021-02-14T06:40:25.429Z info: start download
2021-02-14T06:49:20.573Z info: download done
2021-02-14T06:49:20.808Z info: start download
2021-02-14T06:50:04.263Z info: download done
2021-02-14T07:03:38.080Z info: start download
2021-02-14T07:03:45.951Z info: download done
2021-02-14T07:16:07.569Z info: 171.251.238.100 GET https://www.fshare.vn/file/36BSQZLM4GMI
2021-02-14T07:16:07.570Z info: getting download link...
2021-02-14T07:16:07.929Z info: https://download037.fshare.vn/dl/0qtZhnF0h7d2Mh5+qbNH4VI8Trc4EM9owV4Q--SL-F35h31oz39n7bD571JrRQJcMUA0RGtVhsFjzXqH/3.NAU.rar
2021-02-14T07:16:08.230Z info: shortenUrl: http://link1s.com/vrsRVJc
2021-02-14T07:16:58.325Z info: start download
2021-02-14T07:22:25.169Z info: download done
2021-02-14T07:37:03.270Z info: 171.251.238.100 GET https://www.fshare.vn/file/36BSQZLM4GMI
2021-02-14T07:37:03.271Z info: getting download link...
2021-02-14T07:37:03.729Z info: https://download037.fshare.vn/dl/pVnNxkB3cBdqiGlnx7ZBcJ7B2zo6QY+lC3n6SjavLYSoQIrXx-HTPUjmnus+OCTFgoywJatjJIo2fXye/3.NAU.rar
2021-02-14T07:37:03.980Z info: shortenUrl: http://link1s.com/7tv0Pn
2021-02-14T07:37:53.085Z info: start download
2021-02-14T07:37:53.385Z info: start download
2021-02-14T07:37:53.594Z info: download done
2021-02-14T07:53:40.801Z info: download done
2021-02-14T07:57:46.892Z info: 42.116.181.123 GET https://www.fshare.vn/file/TQYESJYYN38M6PRE/
2021-02-14T07:57:46.892Z info: getting download link...
2021-02-14T07:57:47.070Z error: get-download-link service, link err: FetchError: invalid json response body at https://www.fshare.vn/download/get reason: Unexpected token T in JSON at position 0
2021-02-14T07:57:47.072Z info: logging out
2021-02-14T07:57:49.914Z info: redirect link: https://www.fshare.vn/
2021-02-14T07:57:50.144Z info: status: 200
2021-02-14T07:57:50.144Z info: logging in with different account...
2021-02-14T07:57:50.145Z info: getting token and cookie...
2021-02-14T07:57:50.332Z info: logging in ...
2021-02-14T07:57:51.958Z info: status: 302
2021-02-14T07:57:51.958Z info: redirect link: https://www.fshare.vn/
2021-02-14T07:57:52.118Z info: status: 302
2021-02-14T07:57:52.119Z info: redirect link: https://www.fshare.vn/file/manager
2021-02-14T07:57:52.376Z info: status: 200
2021-02-14T07:57:52.380Z info: getting download link...
2021-02-14T07:57:53.202Z error: get-download-link service, link err: FetchError: invalid json response body at https://www.fshare.vn/download/get reason: Unexpected token T in JSON at position 0
2021-02-14T07:57:53.203Z info: logging out
2021-02-14T07:57:53.385Z info: redirect link: https://www.fshare.vn/
2021-02-14T07:57:53.613Z info: status: 200
2021-02-14T07:57:53.614Z info: logging in with different account...
2021-02-14T07:57:53.614Z info: getting token and cookie...
2021-02-14T07:57:53.843Z info: logging in ...
2021-02-14T07:57:56.415Z info: status: 302
2021-02-14T07:57:56.416Z info: redirect link: https://www.fshare.vn/
2021-02-14T07:57:56.564Z info: status: 302
2021-02-14T07:57:56.564Z info: redirect link: https://www.fshare.vn/file/manager
2021-02-14T07:58:06.879Z info: status: 200
2021-02-14T07:58:06.884Z info: getting download link...
2021-02-14T07:58:10.397Z error: get-download-link service, link err: FetchError: invalid json response body at https://www.fshare.vn/download/get reason: Unexpected token T in JSON at position 0
2021-02-14T07:58:10.398Z info: out of storage per day
2021-02-14T07:58:23.689Z info: 42.116.181.123 GET https://www.fshare.vn/file/TQYESJYYN38M6PRE/
2021-02-14T07:58:23.690Z info: getting download link...
2021-02-14T07:58:23.879Z error: get-download-link service, link err: FetchError: invalid json response body at https://www.fshare.vn/download/get reason: Unexpected token T in JSON at position 0
2021-02-14T07:58:23.880Z info: out of storage per day
2021-02-14T08:00:14.432Z info: 117.4.246.64 GET https://www.fshare.vn/file/O48JRY93EHWV
2021-02-14T08:00:14.432Z info: getting download link...
2021-02-14T08:00:17.849Z info: https://download015.fshare.vn/dl/LdwC7Vsw6xSsgAkzTh+SjWcrcyBAXbVySo5mnSqBFXF1DWix0zSe2z5EvKicqUgeboOVKez9XBT47eyP/Compressor%204.4.5.dmg
2021-02-14T08:00:18.190Z info: shortenUrl: http://link1s.com/ftNTw8
2021-02-14T08:15:28.954Z info: 14.170.97.204 GET https://www.fshare.vn/file/TQYESJYYN38M6PRE
2021-02-14T08:15:28.955Z info: getting download link...
2021-02-14T08:15:29.319Z info: https://download803.fshare.vn/dl/XXuEdIaTahrmG18THPJTOjU+xX5XRUBpVsuS87c4mEFfX7GYTIMsJ27m58XrOKpnKKHhvp2-Te1G75nL/Blood%20Moon%20Party%202020%201080p%20WEB-DL%20DDP%205.1%20H.264%20-%20HBO.mkv
2021-02-14T08:15:29.682Z info: shortenUrl: http://link1s.com/2sje
2021-02-14T08:15:50.760Z info: 14.170.97.204 GET https://www.fshare.vn/file/TQYESJYYN38M6PRE
2021-02-14T08:15:50.760Z info: getting download link...
2021-02-14T08:16:01.467Z info: https://download803.fshare.vn/dl/Xz5bMKlthP7z2VDXHm5BeMzF+SDWk+veBYmF0UN5n+jyDFn9vkYZ9Ce0ssYXNgY8ULa8Y4p-yiHTZHji/Blood%20Moon%20Party%202020%201080p%20WEB-DL%20DDP%205.1%20H.264%20-%20HBO.mkv
2021-02-14T08:16:01.771Z info: shortenUrl: http://link1s.com/kmwvF
2021-02-14T08:18:21.204Z info: start download
2021-02-14T08:20:06.840Z info: download done
2021-02-14T08:20:26.416Z info: 171.251.238.100 GET https://www.fshare.vn/file/HIR54TK4IZ6M
2021-02-14T08:20:26.416Z info: getting download link...
2021-02-14T08:20:26.758Z info: https://download022.fshare.vn/dl/GMgyNZoXQ3PE1jB+fIBzQdPYcc78vgmLbQA6HMMa7Vz2mkBcoPa+AQm4z4FQ1U7t531a589QkAeS3WDN/4.NAU.rar
2021-02-14T08:20:27.021Z info: shortenUrl: http://link1s.com/V2WWs
2021-02-14T08:23:03.806Z info: start download
2021-02-14T08:23:04.103Z info: start download
2021-02-14T08:23:04.315Z info: download done
2021-02-14T08:26:12.401Z info: 117.5.190.2 GET https://www.fshare.vn/file/TVM7UGFJ3I3L
2021-02-14T08:26:12.401Z info: getting download link...
2021-02-14T08:26:12.752Z info: https://download015.fshare.vn/dl/AEIku6D+snw3XJqUgm22xtmfUVXimYu9yX1OmGNkVL6GvZLyOqBMkHXSNx0qTR7u3zy7S4eNAya00sEy/AutoCAD%202010-%2064bit.zip
2021-02-14T08:26:13.034Z info: shortenUrl: http://link1s.com/yFvKRi
2021-02-14T08:26:40.481Z info: start download
2021-02-14T08:27:36.432Z info: 14.252.80.22 GET https://www.fshare.vn/file/TQYESJYYN38M6PRE
2021-02-14T08:27:36.436Z info: getting download link...
2021-02-14T08:27:36.837Z info: https://download803.fshare.vn/dl/T+vozpi84swNTInj30spBuPQ3xS9GBqx3sMg-4XRSR0P6K9RfdkRKlPkjCMnQC2HZ5c+LHV5nPjoKA4J/Blood%20Moon%20Party%202020%201080p%20WEB-DL%20DDP%205.1%20H.264%20-%20HBO.mkv
2021-02-14T08:27:37.135Z info: shortenUrl: http://link1s.com/YyMeN
2021-02-14T08:27:40.180Z info: download done
2021-02-14T08:27:40.337Z info: start download
2021-02-14T08:27:40.503Z info: download done
2021-02-14T08:27:40.674Z info: start download
2021-02-14T08:29:41.983Z info: start download
2021-02-14T08:31:31.866Z info: download done
2021-02-14T08:32:41.058Z info: download done
2021-02-14T08:32:41.395Z info: start download
2021-02-14T08:32:59.702Z info: start download
2021-02-14T08:32:59.960Z info: download done
2021-02-14T08:33:00.106Z info: start download
2021-02-14T08:36:25.451Z info: download done
2021-02-14T08:38:21.651Z info: download done
2021-02-14T08:38:23.228Z info: start download
2021-02-14T08:38:24.529Z info: download done
2021-02-14T08:38:24.608Z info: start download
2021-02-14T08:47:25.220Z info: 171.249.157.231 GET https://www.fshare.vn/file/TQYESJYYN38M6PRE
2021-02-14T08:47:25.221Z info: getting download link...
2021-02-14T08:47:25.598Z info: https://download803.fshare.vn/dl/iyRqGV5x+gAZ7650ATH38iaE7SrcRIgoNZBrhkLVUzhglTEm5yIEMboT5WbFE8TU1sV2uNJhv00mFR-x/Blood%20Moon%20Party%202020%201080p%20WEB-DL%20DDP%205.1%20H.264%20-%20HBO.mkv
2021-02-14T08:47:25.873Z info: shortenUrl: http://link1s.com/705ek
2021-02-14T08:48:25.011Z info: download done
2021-02-14T08:48:26.926Z info: start download
2021-02-14T08:48:27.157Z info: download done
2021-02-14T08:48:27.289Z info: start download
2021-02-14T08:57:40.030Z info: 125.235.235.120 GET https://www.fshare.vn/file/Q9SZ927KYXHD
2021-02-14T08:57:40.031Z info: getting download link...
2021-02-14T08:57:43.351Z info: https://download032.fshare.vn/dl/GQhQfkgZUELP6TRrQ8fRQgxyfzr8FnjrQJOcuL8aOsk8t112fl7mFiZC+oaqQF1Z0THGvzNiUlw6h5C2/Justice.League.2017.mHD.BluRay.DD5.1.x264-TayTO.mkv
2021-02-14T08:57:43.645Z info: shortenUrl: http://link1s.com/PofjqPBs
2021-02-14T08:57:56.264Z info: start download
2021-02-14T09:02:26.945Z info: download done
2021-02-14T09:04:31.942Z info: download done
2021-02-14T09:05:50.372Z info: 171.251.238.100 GET https://www.fshare.vn/file/2SK5SBV73I4R9PG
2021-02-14T09:05:50.373Z info: getting download link...
2021-02-14T09:05:50.756Z info: https://download041.fshare.vn/dl/d2euVInO7AlsHlA5moWqB2gi755QF4dSmK3rOZnwY04k8sCMnYi3dKv5wxnW2Hlw19Y3dp-spTWPnUCs/Crime.Scene.The.Vanishing.at.the.Cecil.Hotel.S01E03.Down.the.Rabbit.Hole.1080p.NF.WEB-DL.DDP5.1.x264-PAAI.mkv
2021-02-14T09:05:51.017Z info: shortenUrl: http://link1s.com/gKKuR
2021-02-14T09:06:41.775Z info: start download
2021-02-14T09:06:42.147Z info: start download
2021-02-14T09:06:42.371Z info: download done
2021-02-14T09:20:00.663Z info: 14.251.41.76 GET https://www.fshare.vn/file/TQYESJYYN38M6PRE
2021-02-14T09:20:00.664Z info: getting download link...
2021-02-14T09:20:01.064Z info: https://download803.fshare.vn/dl/xglEeZFveljod-cDJgbx48QEgnRpURUg14emgTCOLFgN8ZwAUJbg9milFChWEQ3KqSd0AL0ysjqSqUVJ/Blood%20Moon%20Party%202020%201080p%20WEB-DL%20DDP%205.1%20H.264%20-%20HBO.mkv
2021-02-14T09:20:01.340Z info: shortenUrl: http://link1s.com/MVfwCAp0
2021-02-14T09:22:21.341Z info: 27.78.83.101 GET https://www.fshare.vn/file/Y244WZZQEKCQEJ9
2021-02-14T09:22:21.341Z info: getting download link...
2021-02-14T09:22:21.741Z info: https://download032.fshare.vn/dl/63LuMUTRrlj9SohoKnApElswOgQ9yOfllW8Z4P5eIqzQOV+EYyIykYMIRsj+k2d0U+-ixoUA1dFzhh9f/AC%20Odyssey%20VietHoa%20787Channel.rar
2021-02-14T09:22:22.005Z info: shortenUrl: http://link1s.com/2yFPXi
2021-02-14T09:23:14.060Z info: start download
2021-02-14T09:23:56.112Z info: 171.252.153.31 GET https://www.fshare.vn/file/TQYESJYYN38M6PRE
2021-02-14T09:23:56.112Z info: getting download link...
2021-02-14T09:23:56.514Z info: https://download803.fshare.vn/dl/3UeYaJcHFDXUww2OqqLuw9-z0LKHVx12YDw6JDvKxFlFhf8bUd4PiTl+OCF5qyTtETULgw7IhARTs5qi/Blood%20Moon%20Party%202020%201080p%20WEB-DL%20DDP%205.1%20H.264%20-%20HBO.mkv
2021-02-14T09:23:56.720Z info: shortenUrl: http://link1s.com/LBTYKD
2021-02-14T09:25:04.063Z info: start download
2021-02-14T09:25:17.664Z info: download done
2021-02-14T09:25:21.837Z info: download done
2021-02-14T09:25:36.894Z info: download done
2021-02-14T09:25:53.206Z info: 171.251.238.100 GET https://www.fshare.vn/file/WVHEC91ZN22RHVL
2021-02-14T09:25:53.207Z info: getting download link...
2021-02-14T09:25:53.616Z info: https://download014.fshare.vn/dl/n0lc7QndOqLs9PN7WpXmHLlDJbvKq0FbkYFfg1Cr4IklAuX4YUeiGRFwAcmUWNZVvJvI6IQdsi4ysv4A/Crime.Scene.The.Vanishing.at.the.Cecil.Hotel.S01E04.The.Hard.Truth.1080p.NF.WEB-DL.DDP5.1.x264-PAAI.mkv
2021-02-14T09:25:53.907Z info: shortenUrl: http://link1s.com/Yr5iczao
2021-02-14T09:26:51.552Z info: start download
2021-02-14T09:26:51.780Z info: download done
2021-02-14T09:26:51.869Z info: start download
2021-02-14T09:44:41.305Z info: download done
2021-02-14T09:48:58.563Z info: download done
2021-02-14T09:49:11.628Z info: 14.232.144.249 GET https://www.fshare.vn/file/TQYESJYYN38M6PRE
2021-02-14T09:49:11.629Z info: getting download link...
2021-02-14T09:49:11.982Z info: https://download803.fshare.vn/dl/8ArDBp3ODPWY+y2XsqTAmacbAzaGe4CoJbSbS5MzaLaI9IfeFS58Owz7mgystsrOxLxphg35gb0QmiE-/Blood%20Moon%20Party%202020%201080p%20WEB-DL%20DDP%205.1%20H.264%20-%20HBO.mkv
2021-02-14T09:49:12.266Z info: shortenUrl: http://link1s.com/JkLx
2021-02-14T09:51:00.588Z info: start download
2021-02-14T09:51:01.841Z info: download done
2021-02-14T09:51:01.915Z info: start download
2021-02-14T09:51:02.030Z info: start download
2021-02-14T09:51:02.347Z info: download done
2021-02-14T09:59:31.826Z info: download done
2021-02-14T10:07:00.997Z info: 116.110.157.91 GET https://www.fshare.vn/file/E9QQ7IMDRDA3
2021-02-14T10:07:00.997Z info: getting download link...
2021-02-14T10:07:01.412Z info: https://download029.fshare.vn/dl/A0jlPXwteQERgsvMClqNkGFhSsuQSQuN05UOcZ9gCpdtMMpTiH9HRaP7nwVCPspFdx6jq1H66FD-oJEk/KEYGEN%20WINRAR.zip
2021-02-14T10:07:01.780Z info: shortenUrl: http://link1s.com/x3KL
2021-02-14T10:08:01.034Z info: start download
2021-02-14T10:08:01.245Z info: download done
2021-02-14T10:08:01.322Z info: start download
2021-02-14T10:08:01.505Z info: download done
2021-02-14T10:37:44.204Z info: start download
2021-02-14T10:37:46.150Z info: download done
2021-02-14T10:41:02.584Z info: 27.71.36.215 GET https://www.fshare.vn/file/4UL6S9JRUPRGQYD
2021-02-14T10:41:02.584Z info: getting download link...
2021-02-14T10:41:03.040Z info: https://download033.fshare.vn/dl/MK+FyBYWGT85Qp-b3vpCt34MKmQbynD1R-SwCmKpYn7aLibiSA-FQqA95BvsI7tyxNepD0mtu954BtTc/The.Siege.of.Jadotville.2016.1080p.WEBRip.DD5.1.x264.SH0W.mkv
2021-02-14T10:41:03.350Z info: shortenUrl: http://link1s.com/7U8G67mu
2021-02-14T10:42:02.005Z info: start download
2021-02-14T10:42:02.319Z info: download done
2021-02-14T10:42:02.520Z info: start download
2021-02-14T10:45:38.759Z info: 117.5.155.109 GET https://www.fshare.vn/file/8E1P8NEP43W2
2021-02-14T10:45:38.759Z info: getting download link...
2021-02-14T10:45:49.239Z info: https://download047.fshare.vn/dl/inIEILiMQyrgNEy44YQsLMIXo8tLpMves-QhxMfJZaLsqjeQ4WbEkBnHkV1yyJyKXpKElIkV2ueFWDdW/%5BSanTruongIT.com%5D%20Folklore.Hunter.v0.3b.rar
2021-02-14T10:45:49.507Z info: shortenUrl: http://link1s.com/czjOAA5Q
2021-02-14T10:46:50.559Z info: start download
2021-02-14T10:47:03.110Z info: download done
2021-02-14T11:15:36.396Z info: download done
2021-02-14T11:51:05.493Z info: 199.101.110.24 GET https://www.fshare.vn/file/N1UZ38KUCV2E
2021-02-14T11:51:05.494Z info: getting download link...
2021-02-14T11:51:05.917Z info: https://download042.fshare.vn/dl/dC89BWBdclVz4ul9v1Cs4KKa3u358CuTiSNc2isIuEnGYK7UxJiI8cAtmwVS2aMW6Wc3TuQSiZkExRGE/Photoshop.2020.rar
2021-02-14T11:51:06.207Z info: shortenUrl: http://link1s.com/JAiLn
2021-02-14T11:55:20.769Z info: start download
2021-02-14T11:56:22.990Z info: download done
2021-02-14T12:13:28.007Z info: 183.80.206.115 GET https://www.fshare.vn/file/U5UM8Z33W4HT
2021-02-14T12:13:28.007Z info: getting download link...
2021-02-14T12:13:28.418Z info: https://download014.fshare.vn/dl/Y2CnnR7yd+y2rMrhjtfgP2aZJJvEMXA4w04pm0frfutO0TjhhLR+g-tbF84mJqZWxV8CsXWTymGZd5P2/Stranded%20Deep%200.05e6.rar
2021-02-14T12:13:28.709Z info: shortenUrl: http://link1s.com/i7kksHbX
2021-02-14T12:14:28.226Z info: start download
2021-02-14T12:16:37.306Z info: download done
2021-02-14T12:19:41.456Z info: 171.242.104.243 GET https://www.fshare.vn/file/DH2HZ8XQNSOQ
2021-02-14T12:19:41.456Z info: getting download link...
2021-02-14T12:19:41.909Z info: https://download044.fshare.vn/dl/NQ3ZPG34dvqyOF9Carwo6xP3o2EbKUxgzwZDe3gIq5gyTnvhVWbd07WRHEKIcXw61EQNVHFZT0yY3mBd/Hon%20Papa%20Da%20Con%20Gai.mp4
2021-02-14T12:19:42.198Z info: shortenUrl: http://link1s.com/Z2tYVyY
2021-02-14T12:36:42.980Z info: 115.77.100.191 GET https://www.fshare.vn/file/TQYESJYYN38M6PRE
2021-02-14T12:36:42.981Z info: getting download link...
2021-02-14T12:36:43.405Z info: https://download033.fshare.vn/dl/R8NjKVK-JpA-WASrRA3rjF5zklfOLMZo-3XNpX6lHvT5RH1Xe9D37ROiPaeYFZz53CTXr2wLLQeZHAD8/Blood%20Moon%20Party%202020%201080p%20WEB-DL%20DDP%205.1%20H.264%20-%20HBO.mkv
2021-02-14T12:36:43.715Z info: shortenUrl: http://link1s.com/XpgyIHY
2021-02-14T12:41:25.317Z info: 171.227.166.159 GET https://www.fshare.vn/file/78899BIDYH7D
2021-02-14T12:41:25.317Z info: getting download link...
2021-02-14T12:41:35.840Z info: https://download035.fshare.vn/dl/rM-Mo+VEeGA0SyDn8c-Nzuw1oheVrPB0sOsQpxmnf4Zo0RTFAsZZQPcHYMGfYdV2r2drWTWBgOOccHbk/Jotun%20Valhalla%20Edition%20Vi%E1%BB%87t%20H%C3%B3a%20By%20NSeven404%20-%20GameTiengViet.Com.zip
2021-02-14T12:41:36.115Z info: shortenUrl: http://link1s.com/esZZg
2021-02-14T12:45:26.439Z info: start download
2021-02-14T12:53:14.150Z info: 126.72.183.56 GET https://www.fshare.vn/file/TQYESJYYN38M6PRE
2021-02-14T12:53:14.150Z info: getting download link...
2021-02-14T12:53:14.618Z info: https://download803.fshare.vn/dl/aD5+t0r7zq6Hp35t3PbLLiNVCSv6ibQ8m0VA+hgPS0UrHSr8gBiGw+TM4zd8m+tgJ5z6AUw742IQRjsC/Blood%20Moon%20Party%202020%201080p%20WEB-DL%20DDP%205.1%20H.264%20-%20HBO.mkv
2021-02-14T12:53:14.882Z info: shortenUrl: http://link1s.com/upNZZWcI
2021-02-14T12:53:33.656Z info: 126.72.183.56 GET https://www.fshare.vn/file/TQYESJYYN38M6PRE
2021-02-14T12:53:33.656Z info: getting download link...
2021-02-14T12:53:37.109Z info: https://download803.fshare.vn/dl/RnMwM0GN0wARc6n9hFHSFfDfDDr5T3nOsX8-w0vPDK315DN+kg-pqEONqBpTsM8lpSa6gM+65bu2tZvW/Blood%20Moon%20Party%202020%201080p%20WEB-DL%20DDP%205.1%20H.264%20-%20HBO.mkv
2021-02-14T12:53:37.332Z info: shortenUrl: http://link1s.com/1fHI5ME
2021-02-14T12:55:36.556Z info: start download
2021-02-14T12:55:39.010Z info: download done
2021-02-14T12:55:39.476Z info: start download
2021-02-14T12:56:19.160Z info: download done
2021-02-14T13:04:54.901Z info: 27.78.217.48 GET https://www.fshare.vn/file/887Z4B1V3I1A
2021-02-14T13:04:54.901Z info: getting download link...
2021-02-14T13:04:55.321Z info: https://download024.fshare.vn/dl/+bmS7mgJNoy+yIUyb+gRhUk0d6ISJM39fUtExXMqHJVmtA4G9gGS+N3l9KpCyxOxz4RJFjhiMPQtYVsS/%5BFly-Fansub%5D%20Nigeru%20wa%20Haji%20daga%20Yaku%20ni%20Tatsu%20SP%201080p%20-%20Vietsub.mkv
2021-02-14T13:04:55.600Z info: shortenUrl: http://link1s.com/n3zSW
2021-02-14T13:05:59.138Z info: start download
2021-02-14T13:06:01.242Z info: download done
2021-02-14T13:06:01.576Z info: start download
2021-02-14T13:09:58.789Z info: 123.16.112.109 GET https://www.fshare.vn/file/7ZEQLOP20N
2021-02-14T13:09:58.789Z info: getting download link...
2021-02-14T13:09:59.355Z info: https://download018.fshare.vn/dl/uCjk6zxPgd7T3OrPFItm7bH89JCXFfD7R4mFM5PcPqK5dMXTN0sjgSUPO5k+uTLEy3bhSMCFKu6AX9gH/So%20hoc%206%20_%20Boongboong.iso.__a
2021-02-14T13:09:59.712Z info: shortenUrl: http://link1s.com/otSm5wT
2021-02-14T13:11:30.293Z info: start download
2021-02-14T13:11:30.496Z info: start download
2021-02-14T13:11:30.734Z info: download done
2021-02-14T13:14:08.204Z info: download done
2021-02-14T13:17:31.486Z info: download done
2021-02-14T13:17:32.243Z info: start download
2021-02-14T13:20:22.552Z info: download done
2021-02-14T13:20:52.330Z info: download done
2021-02-14T13:26:15.131Z info: 113.179.138.11 GET https://www.fshare.vn/file/TQYESJYYN38M6PRE
2021-02-14T13:26:15.131Z info: getting download link...
2021-02-14T13:26:15.652Z info: https://download803.fshare.vn/dl/BHR5IN-Q1EPnWCRsoZYxRM55E2CTPx+vUUQIInd8ASYspjjQoBoRmU4IKrNNrtHXPjZOzUsMhqhLAdue/Blood%20Moon%20Party%202020%201080p%20WEB-DL%20DDP%205.1%20H.264%20-%20HBO.mkv
2021-02-14T13:26:15.936Z info: shortenUrl: http://link1s.com/veyFw
2021-02-14T14:11:54.598Z info: 59.153.245.242 GET https://www.fshare.vn/file/P5BV5TEAXJNE
2021-02-14T14:11:54.599Z info: getting download link...
2021-02-14T14:11:55.090Z info: https://download046.fshare.vn/dl/L5X0q8Jo-JNBifPwxBTS7L-uZ4ULtZk4hAUdMdIH7l0EeetT3nl7cr0aRw9XXaZs1wZHz0ndJeTxOMfR/Great%20Teacher%20Onizuka%20-%20Episode%2004.mkv
2021-02-14T14:11:55.874Z info: shortenUrl: http://link1s.com/yPSTaaLh
2021-02-14T14:13:22.461Z info: 59.153.245.4 GET https://www.fshare.vn/file/P8NCG2JDW5S8
2021-02-14T14:13:22.461Z info: getting download link...
2021-02-14T14:13:22.870Z info: https://download013.fshare.vn/dl/Vsox+552X3YQT9oO4iiSK7IBPXdtzMkFA378C9hwScVpoEbZXIr6561azbgB+tzbXYygy4s7rEa2-rmR/Great%20Teacher%20Onizuka%20-%20Episode%2005.mkv
2021-02-14T14:13:23.125Z info: shortenUrl: http://link1s.com/Jm54
2021-02-14T14:13:47.364Z info: start download
2021-02-14T14:13:47.815Z info: start download
2021-02-14T14:14:20.315Z info: download done
2021-02-14T14:14:43.183Z info: start download
2021-02-14T14:14:43.569Z info: download done
2021-02-14T14:14:43.842Z info: start download
2021-02-14T14:15:07.174Z info: download done
2021-02-14T14:16:02.804Z info: download done
2021-02-14T14:25:13.823Z info: 42.114.118.9 GET https://www.fshare.vn/file/TQYESJYYN38M6PRE/
2021-02-14T14:25:13.824Z info: getting download link...
2021-02-14T14:25:14.017Z error: get-download-link service, link err: FetchError: invalid json response body at https://www.fshare.vn/download/get reason: Unexpected token T in JSON at position 0
2021-02-14T14:25:14.019Z info: out of storage per day
2021-02-14T14:27:20.201Z info: 14.179.252.97 GET https://www.fshare.vn/file/RP2RIXWGBU5U
2021-02-14T14:27:20.201Z info: getting download link...
2021-02-14T14:27:20.693Z info: https://download030.fshare.vn/dl/8tlcploWLDfSw0CfqH+CppUTUVuLrh4k-5lG3CWJlq4yz3tNtCew6gmxidiOUl4SUdBu+LYvQiPSzh2f/%5BK-Zone%5D.Uncontrollably.Fond.E15.HD.KITES.VN.mkv
2021-02-14T14:27:20.979Z info: shortenUrl: http://link1s.com/I1XVAG
2021-02-14T14:27:43.950Z info: start download
2021-02-14T14:27:52.537Z info: download done
2021-02-14T14:27:52.917Z info: start download
2021-02-14T14:28:15.786Z info: 14.179.252.97 GET https://www.fshare.vn/file/SHS8F8L3C5HM
2021-02-14T14:28:15.786Z info: getting download link...
2021-02-14T14:28:16.222Z info: https://download031.fshare.vn/dl/pH8YqbdNfjZITFfO37OUHG7uKXM8ZjgghYnvrLpoQD1a4RTt0MWFXHjme-2hifC5UPbXxi8BewsWqIdR/%5BK-Zone%5D.Uncontrollably.Fond.E16.HD.KITES.VN.mkv
2021-02-14T14:28:16.449Z info: shortenUrl: http://link1s.com/JCcg43
2021-02-14T14:28:31.825Z info: start download
2021-02-14T14:28:37.082Z info: download done
2021-02-14T14:28:37.428Z info: start download
2021-02-14T14:29:19.058Z info: 27.74.239.201 GET https://www.fshare.vn/file/TQYESJYYN38M6PRE
2021-02-14T14:29:19.058Z info: getting download link...
2021-02-14T14:29:19.509Z info: https://download803.fshare.vn/dl/0X0v4iYsxWqgg7GDP4Hhr0Yb8dMYFj8jp6ruNgBf+oc9fTyHKYlSW4eBTELmFrbi9j+Pfg6YfBRCsOBR/Blood%20Moon%20Party%202020%201080p%20WEB-DL%20DDP%205.1%20H.264%20-%20HBO.mkv
2021-02-14T14:29:19.735Z info: shortenUrl: http://link1s.com/ZFzO8N
2021-02-14T14:29:51.723Z info: start download
2021-02-14T14:33:25.095Z info: 115.76.49.74 GET https://www.fshare.vn/file/TQYESJYYN38M6PRE
2021-02-14T14:33:25.095Z info: getting download link...
2021-02-14T14:33:25.564Z info: https://download803.fshare.vn/dl/Ls68xaCGzL-1fdeVGrqFxWy+9tFn30GNKfhlwAG49xgcBWssGRbpGboQ0BWoULcD45XrVaE6LkC65XnI/Blood%20Moon%20Party%202020%201080p%20WEB-DL%20DDP%205.1%20H.264%20-%20HBO.mkv
2021-02-14T14:33:26.360Z info: shortenUrl: http://link1s.com/906Tk3kT
2021-02-14T14:33:43.731Z info: start download
2021-02-14T14:34:58.884Z info: download done
2021-02-14T14:35:08.483Z info: download done
2021-02-14T14:36:02.999Z info: 59.153.245.4 GET https://www.fshare.vn/file/CSQYCKJS1FVR
2021-02-14T14:36:03.000Z info: getting download link...
2021-02-14T14:36:03.514Z info: https://download035.fshare.vn/dl/wkReuukAiEulbUl+8Wo50nO5dUVlBtffizPmSeK9b5l6mRAN-4pALc6Q+GUxpC+3GlzcRG2vNy2UYHVY/Great%20Teacher%20Onizuka%20-%20Episode%2006.mkv
2021-02-14T14:36:04.697Z info: shortenUrl: http://link1s.com/L8kCuRnT
2021-02-14T14:37:10.914Z info: start download
2021-02-14T14:37:11.249Z info: download done
2021-02-14T14:37:11.439Z info: start download
2021-02-14T14:38:30.985Z info: download done
2021-02-14T14:43:51.250Z info: download done
2021-02-14T14:45:57.188Z info: start download
2021-02-14T14:47:51.716Z info: download done
2021-02-14T14:55:17.310Z info: download done
2021-02-14T14:58:09.249Z info: start download
2021-02-14T14:58:09.479Z info: download done
2021-02-14T14:59:08.989Z info: start download
2021-02-14T15:08:20.814Z info: download done
2021-02-14T15:08:34.698Z info: start download
2021-02-14T15:15:54.656Z info: 58.186.122.111 GET https://www.fshare.vn/file/TQYESJYYN38M6PRE
2021-02-14T15:15:54.657Z info: getting download link...
2021-02-14T15:15:55.164Z info: https://download803.fshare.vn/dl/wWLzeXHalszCYXHVuUMdEcjgPCNXeTHXQyYMN76vzPohmF0ux9xrel0be6206-1yAHjgBSuoLCkz8z+b/Blood%20Moon%20Party%202020%201080p%20WEB-DL%20DDP%205.1%20H.264%20-%20HBO.mkv
2021-02-14T15:15:55.486Z info: shortenUrl: http://link1s.com/1dbQh
2021-02-14T15:17:55.581Z info: start download
2021-02-14T15:18:19.110Z info: download done
2021-02-14T15:19:32.514Z info: download done
2021-02-14T15:22:07.010Z info: 59.153.245.4 GET https://www.fshare.vn/file/ICYKNBCFTK6V
2021-02-14T15:22:07.010Z info: getting download link...
2021-02-14T15:22:17.804Z info: https://download042.fshare.vn/dl/Pg-vIc3hPOseYIlDgisHSsr6-pJanpwUHEtm2+K0HD134zYs6L7k4hGuqIG0YFiLrNeitgbOvONqRdMl/Great%20Teacher%20Onizuka%20-%20Episode%2007.mkv
2021-02-14T15:22:18.682Z info: shortenUrl: http://link1s.com/Mspc9
2021-02-14T15:22:27.783Z info: start download
2021-02-14T15:22:38.684Z info: start download
2021-02-14T15:24:42.602Z info: download done
2021-02-14T15:31:25.013Z info: start download
2021-02-14T15:31:25.313Z info: download done
2021-02-14T15:31:25.511Z info: start download
2021-02-14T15:32:05.947Z info: download done
2021-02-14T15:32:08.037Z info: start download
2021-02-14T15:32:37.333Z info: download done
2021-02-14T15:32:43.420Z info: download done
2021-02-14T15:33:03.723Z info: 14.239.66.145 GET https://www.fshare.vn/file/LF4X3FJ5VPLL
2021-02-14T15:33:03.724Z info: getting download link...
2021-02-14T15:33:04.213Z info: https://download005.fshare.vn/dl/vaqmggczAQR7hkpRr2zVAtOv26KdlbLEPuegaiSEm00aXvPTC63cTg745vkQSG56EEcfBrekBdK7+53O/Great%20Teacher%20Onizuka%20-%20Episode%2008.mkv
2021-02-14T15:33:04.858Z info: shortenUrl: http://link1s.com/h26g
2021-02-14T15:41:26.830Z info: 14.179.252.97 GET https://www.fshare.vn/file/6R3VUE6BRNPC
2021-02-14T15:41:26.831Z info: getting download link...
2021-02-14T15:41:27.325Z info: https://download032.fshare.vn/dl/AWsL+czkuFZswVIOaqjeQo8+SAqdvwXBLolrT22-sU9O4eBA1YtIGKtZlnab6Etdgwh6N5XIeAsJbBvx/%5BK-Zone%5D.Uncontrollably.Fond.E17.HD.KITES.VN.mkv
2021-02-14T15:41:28.988Z info: shortenUrl: http://link1s.com/HUWZxwbT
2021-02-14T15:41:39.061Z info: start download
2021-02-14T15:41:46.332Z info: download done
2021-02-14T15:41:46.569Z info: start download
2021-02-14T15:41:57.853Z info: 14.179.252.97 GET https://www.fshare.vn/file/6GFI2I1CEOZM
2021-02-14T15:41:57.853Z info: getting download link...
2021-02-14T15:42:08.436Z info: https://download007.fshare.vn/dl/TtnhkgxW6Df+zZGfwSnUAstKHkoOgdrUUPWgAVu0UbQpUYJbl+66YPZQ0qhW6dYveTE79N5RQaTpMolv/%5BK-Zone%5D.Uncontrollably.Fond.E18.HD.KITES.VN.mkv
2021-02-14T15:42:08.659Z info: shortenUrl: http://link1s.com/s8oxb
2021-02-14T15:42:18.576Z info: start download
2021-02-14T15:42:24.190Z info: download done
2021-02-14T15:42:24.406Z info: start download
2021-02-14T15:42:28.927Z info: start download
2021-02-14T15:43:49.795Z info: download done
2021-02-14T15:49:38.239Z info: download done
2021-02-14T15:50:01.390Z info: download done
2021-02-14T16:01:19.951Z info: start download
2021-02-14T16:01:22.450Z info: download done
2021-02-14T16:01:31.135Z info: start download
2021-02-14T16:02:47.272Z info: download done
2021-02-14T16:29:44.909Z info: start download
2021-02-14T16:29:45.301Z info: download done
2021-02-14T16:29:45.384Z info: start download
2021-02-14T16:30:47.607Z info: download done
2021-02-14T16:48:42.455Z info: 14.248.150.58 GET https://www.fshare.vn/file/QXACLPH1DH2L
2021-02-14T16:48:42.455Z info: getting download link...
2021-02-14T16:48:42.955Z info: https://download042.fshare.vn/dl/j5i8BbPTWCr-dSZFs4+GemO-ZY4RQrNn8nvurGMxfaU0oAiA6gA75RXMsauiw07NQhOsoCNiEB+k9Eoo/Itto%20-%20S%C3%B3ng%20Gi%C3%B3%20C%E1%BA%A7u%20Tr%C6%B0%E1%BB%9Dng%20-%20Mobi.rar
2021-02-14T16:48:43.514Z info: shortenUrl: http://link1s.com/bJ1O
2021-02-14T16:49:09.096Z info: start download
2021-02-14T16:51:26.774Z info: 14.248.150.58 GET https://www.fshare.vn/file/RK7Y11O341KG
2021-02-14T16:51:26.774Z info: getting download link...
2021-02-14T16:51:27.397Z info: https://download036.fshare.vn/dl/EIrutUUuscHo4VCPaqDsE-96noyQqB2og5G+e6cRqCAX7LMJPekpDW6T-8R2N6ysSr8y-joiLOEBRGBR/Itto%20C%C6%A1n%20L%E1%BB%91c%20S%C3%A2n%20C%E1%BB%8F%20-%20Mobi.rar
2021-02-14T16:51:27.610Z info: shortenUrl: http://link1s.com/UIE8DAVn
2021-02-14T16:51:46.538Z info: start download
2021-02-14T16:57:54.832Z info: download done
2021-02-14T17:02:06.546Z info: download done
2021-02-14T17:17:15.329Z info: 14.179.252.97 GET https://www.fshare.vn/file/2VYXG9N8WL11
2021-02-14T17:17:15.329Z info: getting download link...
2021-02-14T17:17:25.673Z info: https://download029.fshare.vn/dl/URBDc4N7Smaxyye9PQNXgr7dIvs-Za5N+UdbzuR1YLDhiYBcxxh5CWWCwQvKKpFPNvmRCxRmfeEOuEG4/%5BK-Zone%5D.Uncontrollably.Fond.E19.HD.KITES.VN.mkv
2021-02-14T17:17:25.986Z info: shortenUrl: http://link1s.com/U7arTc
2021-02-14T17:17:35.538Z info: start download
2021-02-14T17:17:42.371Z info: download done
2021-02-14T17:17:42.568Z info: start download
2021-02-14T17:18:02.436Z info: 14.179.252.97 GET https://www.fshare.vn/file/GFFLEYCIBPFQ
2021-02-14T17:18:02.436Z info: getting download link...
2021-02-14T17:18:02.660Z info: https://download029.fshare.vn/dl/30h9yNVofutNcbHHO7Ie4BwwN6DRlvrv43Y1vbO-80GdKGb3j+v-rf0siuTsJII2auqyWbfVFy8rYyrh/%5BK-Zone%5D.Uncontrollably.Fond.E20.END.HD.KITES.VN.mkv
2021-02-14T17:18:02.871Z info: shortenUrl: http://link1s.com/a21j
2021-02-14T17:18:19.493Z info: start download
2021-02-14T17:18:23.465Z info: download done
2021-02-14T17:18:23.687Z info: start download
2021-02-14T17:24:46.312Z info: download done
2021-02-14T17:25:48.618Z info: download done
2021-02-14T17:48:24.482Z info: 172.107.246.51 GET https://www.fshare.vn/file/1DGX26HJ2EJ7
2021-02-14T17:48:24.482Z info: getting download link...
2021-02-14T17:48:25.731Z info: https://download047.fshare.vn/dl/Yg+Z+0J+GXK7dCCeceiKD6dcKPOSsoii2jibYBRyutmX0oHtbe9SnMV-JAYbQnmnfxQpUzPZuSGKD2Xm/The%20Legend%20of%20Zelda%20-%20Ocarina%20of%20Times%20Vietnamese%20-%201.01.cia
2021-02-14T17:48:26.010Z info: shortenUrl: http://link1s.com/mO5luq8
2021-02-14T17:56:23.725Z info: start download
2021-02-14T17:56:27.141Z info: download done
2021-02-14T17:57:19.089Z info: start download
2021-02-14T17:57:19.754Z info: download done
2021-02-14T17:57:24.984Z info: start download
2021-02-14T17:57:25.485Z info: download done
2021-02-14T17:57:27.008Z info: start download
2021-02-14T17:57:27.339Z info: download done
2021-02-14T17:57:27.433Z info: start download
2021-02-14T17:57:27.615Z info: download done
2021-02-14T17:57:27.713Z info: start download
2021-02-14T17:57:28.871Z info: download done
2021-02-14T17:57:34.998Z info: start download
2021-02-14T17:57:35.532Z info: download done
2021-02-14T17:58:45.319Z info: start download
2021-02-14T17:58:46.286Z info: download done
2021-02-14T18:00:55.663Z info: start download
2021-02-14T18:02:16.142Z info: start download
2021-02-14T18:02:16.263Z info: start download
2021-02-14T18:02:17.479Z info: download done
2021-02-14T18:02:23.990Z info: download done
2021-02-14T18:02:35.836Z info: download done
2021-02-14T18:03:08.320Z info: start download
2021-02-14T18:03:08.837Z info: download done
2021-02-14T18:04:10.304Z info: start download
2021-02-14T18:04:10.824Z info: download done
2021-02-14T18:33:58.904Z info: 27.75.97.121 GET https://www.fshare.vn/file/OA3C4BWF4X6Q
2021-02-14T18:33:58.904Z info: getting download link...
2021-02-14T18:34:09.414Z info: https://download001.fshare.vn/dl/n86eN37pvQl3BcuXoDjgF--oTFtYg8XEJairnuy-TqMIe8LFzwLeCfkJLfGDkp+FOzzjY6j3vK28kzWn/mashirito2.mp4
2021-02-14T18:34:09.790Z info: shortenUrl: http://link1s.com/dmxy
2021-02-14T18:35:11.437Z info: start download
2021-02-14T18:35:11.578Z info: download done
2021-02-14T18:35:11.722Z info: start download
2021-02-14T18:36:14.077Z info: 14.246.77.83 GET https://www.fshare.vn/file/TIS676Z9ZYLS
2021-02-14T18:36:14.078Z info: getting download link...
2021-02-14T18:36:14.330Z info: https://download027.fshare.vn/dl/WsMDB3kI9iOnzb7knhoeCnrt3x2LAbEsi6A1L1yIlCuEPwepuuD4kMsSDqA0W4-P+aRlS1ht1q3ZhNbE/The.Room.4.Old.Sins_LinkNeverDie.Com.rar
2021-02-14T18:36:14.557Z info: shortenUrl: http://link1s.com/uvhRb8
2021-02-14T18:37:02.578Z info: start download
2021-02-14T18:37:02.909Z info: download done
2021-02-14T18:37:03.114Z info: start download
2021-02-14T18:37:12.904Z info: download done
2021-02-14T18:43:15.169Z info: start download
2021-02-14T18:43:24.147Z info: download done
2021-02-14T18:47:13.745Z info: download done
2021-02-14T19:06:11.361Z info: 165.225.20.172 GET https://www.fshare.vn/file/R2LD91HXBK
2021-02-14T19:06:11.361Z info: getting download link...
2021-02-14T19:06:11.583Z info: https://download024.fshare.vn/dl/MjQOZ9pFYY0ZrY2ahY-42mUjofPfaMaJl6UQZYavF6cPQzDXrN-cR12jpPd+EbpD3fsQzDSG-ethqVvi/Mystic.River.2003.720p.BluRay.DTS.x264-CtrlHD.mkv
2021-02-14T19:06:11.845Z info: shortenUrl: http://link1s.com/zTWjP1P
2021-02-14T19:08:13.423Z info: start download
2021-02-14T19:09:13.916Z info: start download
2021-02-14T19:09:23.302Z info: download done
2021-02-14T19:10:23.266Z info: download done
2021-02-14T19:16:41.112Z info: 81.175.208.169 GET https://www.fshare.vn/file/TQYESJYYN38M6PRE
2021-02-14T19:16:41.112Z info: getting download link...
2021-02-14T19:16:41.367Z info: https://download033.fshare.vn/dl/mEUzSWIAFoWtaZ0WHPateJtJmUVOPAQKjBQ35B1rMpY1nQL1de0lbTR2gys10E4KdfQPLgH-F5pYCDck/Blood%20Moon%20Party%202020%201080p%20WEB-DL%20DDP%205.1%20H.264%20-%20HBO.mkv
2021-02-14T19:16:41.689Z info: shortenUrl: http://link1s.com/FtOj3
2021-02-14T19:19:01.930Z info: start download
2021-02-14T19:20:22.846Z info: download done
2021-02-14T19:21:27.705Z info: 81.175.208.169 GET https://www.fshare.vn/file/TQYESJYYN38M6PRE
2021-02-14T19:21:27.706Z info: getting download link...
2021-02-14T19:21:37.988Z info: https://download033.fshare.vn/dl/U5pJbhRafdm4PVZaEM-OVHI9Xxm8ptlIyEFLSyPEXV5kMEfkZwT56z8QT8GhP8dEbNohAcuWSZjBDqpR/Blood%20Moon%20Party%202020%201080p%20WEB-DL%20DDP%205.1%20H.264%20-%20HBO.mkv
2021-02-14T19:21:38.239Z info: shortenUrl: http://link1s.com/ZbwpVi
2021-02-14T20:18:07.977Z info: start download
2021-02-14T20:18:16.726Z info: download done
2021-02-14T21:07:13.818Z info: start download
2021-02-14T21:07:23.171Z info: download done
2021-02-14T22:00:08.873Z info: start download
2021-02-14T22:00:08.990Z info: download done
