2021-02-07T00:33:55.435Z info: ::ffff:1.53.199.211 GET /get/Z36AOCEP3ZG2
2021-02-07T00:33:55.439Z info: getting download link...
2021-02-07T00:33:55.818Z info: https://download014.fshare.vn/dl/RGGKi4WZg6EUl+YOE2hreGymTBQGHyoSxf74ek9ultLCwKmeZpFTR3v+LHYnUn0C-GxbVrxKj-uN8T0K/%5BDinhtinh%5D%20Kh%C3%B3a%20h%E1%BB%8Dc%20SEO%20Online%202020%20%E2%80%93%20H%C6%B0%E1%BB%9Bng%20%C4%91i%20v%C3%A0%20c%C3%A1ch%20l%C3%A0m%20m%E1%BB%9Bi.rar
2021-02-07T00:33:59.597Z info: start download
2021-02-07T00:39:35.816Z info: ::ffff:27.66.32.106 GET /get/TK3C8HG75T
2021-02-07T00:39:35.818Z info: getting download link...
2021-02-07T00:39:46.421Z info: https://download017.fshare.vn/dl/IFHUy2SRx+eyq27yIKFYHuo7hqMVBRLcPUWdKHpZSJT0EOLaEsZTNfgcNkLmfNDrc5pmS1NQraGzG2J9/The.Cabin.in.the.Woods.2012.ViE.mHD.BluRay.DD5.1.x264-AlphaHD-VAV.mkv
2021-02-07T00:39:49.631Z info: start download
2021-02-07T00:39:51.434Z info: start download
2021-02-07T00:40:55.365Z info: download done
2021-02-07T00:49:14.324Z info: download done
2021-02-07T00:49:43.532Z info: ::ffff:27.66.32.106 GET /get/K72EKDUUHJ1A
2021-02-07T00:49:43.535Z info: getting download link...
2021-02-07T00:49:43.871Z info: https://download003.fshare.vn/dl/71YkBP1AjIornKGQ0s8dS4xXQm2Cp+SVBKB9-Z80bhkdQqsFFe-cu6Vye6x6Vp1W11fgMA4Hcx+q+ieb/The.Descent.2005.mHD.BluRay.DD5.1.x264-EPiK.mkv
2021-02-07T00:49:47.937Z info: start download
2021-02-07T00:49:48.905Z info: download done
2021-02-07T00:49:49.498Z info: start download
2021-02-07T00:55:43.598Z info: ::ffff:220.158.54.151 GET /get/FKHA8TW1IO
2021-02-07T00:55:43.601Z info: getting download link...
2021-02-07T00:55:43.982Z info: https://download002.fshare.vn/dl/yQ8xm7-1hfnFFBhoYH0CgucfbFwdvWLVts691eok5O4efNOj65GQ6KrzCIkrfKoI3HZt1eLveKgNi3rg/50%20rules%20you%20must%20know%20DVD%201.mkv
2021-02-07T01:00:11.165Z info: download done
2021-02-07T01:01:49.124Z info: download done
2021-02-07T01:08:17.460Z info: ::ffff:1.53.199.211 GET /get/NFVWLXQJ871A
2021-02-07T01:08:17.463Z info: getting download link...
2021-02-07T01:08:17.836Z info: https://download015.fshare.vn/dl/T59TlaPmenKC58gxn2+7npVt8cntxZEdsHQ-a+IFmrqkvD9gX+VfYFKnHpJE0C0fl9CB58yRXMyaKKIg/Kh%C3%B3a%20h%E1%BB%8Dc%20Online%20Marketing.rar
2021-02-07T01:18:28.191Z info: start download
2021-02-07T01:19:29.953Z info: ::ffff:171.235.175.122 GET /get/X146AKSY9Z1W
2021-02-07T01:19:29.956Z info: getting download link...
2021-02-07T01:19:37.358Z info: https://download003.fshare.vn/dl/1Fd6SeDqy3hi4+Uv5wUvJos4kH9H65ibVm50FeTtgXstyEZsOfk0soYiPK+kQXzFdmUbclufkd+AU+QP/winrar-x64-600.exe
2021-02-07T01:19:48.203Z info: start download
2021-02-07T01:19:49.390Z info: download done
2021-02-07T01:21:17.721Z info: download done
2021-02-07T01:21:20.266Z info: ::ffff:14.230.3.42 GET /get/GAU6Z6J18RUP
2021-02-07T01:21:20.266Z info: getting download link...
2021-02-07T01:21:20.773Z info: https://download003.fshare.vn/dl/HDMMSRznSPevtL7NDcc+aZyZruAlx2P2P6JoXqJdJdqMe5ElGqFxKFKhYnL5DdwHZbZDICQ0DhITLtzp/Adobe_Photoshop_Elements_2021.1.dmg
2021-02-07T01:21:36.020Z info: start download
2021-02-07T01:27:05.982Z info: download done
2021-02-07T01:29:22.001Z info: ::ffff:1.53.199.211 GET /get/243UR2MRNRI3
2021-02-07T01:29:22.004Z info: getting download link...
2021-02-07T01:29:22.401Z info: https://download007.fshare.vn/dl/4m9LcNVARN-iyJOu5GsJG6dOehqnyCtW3FyM3tm9YFXKmpq7aSbrgOuNNX3BCi45d5kWRNYDtTnWFvxO/Machine%20Learning%20V%C3%A0%20%E1%BB%A8ng%20D%E1%BB%A5ng.zip
2021-02-07T01:29:33.531Z info: start download
2021-02-07T01:35:22.575Z info: download done
2021-02-07T01:35:45.857Z info: ::ffff:14.230.3.42 GET /get/EYCIBPDEOYIC
2021-02-07T01:35:45.858Z info: getting download link...
2021-02-07T01:35:46.196Z info: https://download036.fshare.vn/dl/txRezW1+z4ilj-rpV4EG1Z6ndHLksJpCPo1bWaz8gnYD-aKHAmZDcPAElPp5NJNubee9UbPtNj4dY8Nz/Adobe_Photoshop_2020_v21.2.4.zip
2021-02-07T01:35:50.224Z info: start download
2021-02-07T01:41:54.188Z info: download done
2021-02-07T01:47:21.001Z info: ::ffff:1.53.199.211 GET /get/VWNA7S65ZA4I
2021-02-07T01:47:21.001Z info: getting download link...
2021-02-07T01:47:21.376Z info: https://download037.fshare.vn/dl/x+3JN2cHNoaOF5E83qt3OpKJbSeXBC8N5m6QRQLizg1pp6oiydi8cvux2cXK9lLZF84z+opZLcXbcTGG/20.8%20B%C3%A0i%20t%E1%BA%ADp%20Th%E1%BB%B1c%20Ti%E1%BB%85n%20v%E1%BB%81%20%C3%9D%20t%C6%B0%E1%BB%9Fng%20Chi%E1%BA%BFn%20L%C6%B0%E1%BB%A3c%20K%E1%BA%BF%20Ho%E1%BA%A1ch%20Kinh%20Doanh%20Online.rar
2021-02-07T01:47:32.060Z info: start download
2021-02-07T01:48:02.917Z info: start download
2021-02-07T01:48:15.166Z info: download done
2021-02-07T01:48:18.214Z info: download done
2021-02-07T01:48:30.800Z info: download done
2021-02-07T01:49:02.332Z info: ::ffff:1.53.199.211 GET /get/VWNA7S65ZA4I
2021-02-07T01:49:02.332Z info: getting download link...
2021-02-07T01:49:02.721Z info: https://download037.fshare.vn/dl/-Tz34GtfKarTBA0ZcLD3dI5+yTh4rZO9LyBrmfchP7i5kSS1cs-v4dfSj1-y+KLIVYd6AHb5HNKMbdCd/20.8%20B%C3%A0i%20t%E1%BA%ADp%20Th%E1%BB%B1c%20Ti%E1%BB%85n%20v%E1%BB%81%20%C3%9D%20t%C6%B0%E1%BB%9Fng%20Chi%E1%BA%BFn%20L%C6%B0%E1%BB%A3c%20K%E1%BA%BF%20Ho%E1%BA%A1ch%20Kinh%20Doanh%20Online.rar
2021-02-07T01:49:12.589Z info: start download
2021-02-07T01:57:56.761Z info: download done
2021-02-07T02:06:49.106Z info: ::ffff:27.66.32.106 GET /get/T0211XMWPT
2021-02-07T02:06:49.107Z info: getting download link...
2021-02-07T02:06:49.556Z info: https://download020.fshare.vn/dl/y6wvbMhklX2Hqy3B1alC+U3CA+k8pC7TsNCltLRSKQIaKY8ZpkLgMV8NZujRM3SSvwRqBJnieL8BuIW-/Sinister.2012.m720p.BluRay.x264-BiRD.mkv
2021-02-07T02:07:03.920Z info: start download
2021-02-07T02:07:04.051Z info: download done
2021-02-07T02:07:04.554Z info: start download
2021-02-07T02:12:16.393Z info: ::ffff:14.230.3.42 GET /get/43SGORGR8IOK
2021-02-07T02:12:16.397Z info: getting download link...
2021-02-07T02:12:19.813Z info: https://download027.fshare.vn/dl/xL-wazBn9jvzhdmlSikEgsqjgxgmi83DNHlbrjyFO+cvpXMU8SXxgewU51PMKtTg82xc1X0nHs15d2zp/Adobe_Premiere_Pro_2020_v14.8.dmg
2021-02-07T02:12:23.650Z info: start download
2021-02-07T02:14:15.139Z info: ::ffff:116.96.74.138 GET /get/KUALT2JCPC92
2021-02-07T02:14:15.142Z info: getting download link...
2021-02-07T02:14:15.573Z info: https://download034.fshare.vn/dl/xjfIw717DRkcKGrMqi8AaQgg8ef32Tjxb+LIF-lcJZbDKHEJcpQxB04+b6+kUS01XWT+QifGAtS4r-Jk/WandaVision.S01E01.2160p.DSNP.WEB-DL.DDP5.1.Atmos.HDR.HEVC-CMRG.mkv
2021-02-07T02:14:31.912Z info: start download
2021-02-07T02:14:45.297Z info: start download
2021-02-07T02:14:48.043Z info: download done
2021-02-07T02:15:41.203Z info: download done
2021-02-07T02:27:23.201Z info: ::ffff:14.190.11.146 GET /get/U5UK17KZ1V3J
2021-02-07T02:27:23.205Z info: getting download link...
2021-02-07T02:27:23.622Z info: https://download036.fshare.vn/dl/bRL8g3YJ1FpN5VX0vpWYpYiEv1NNXxwnzZgGeIMjqaEtQOxYrtvJYFpYcm5ccMlEMs7iPo6YBjWATDuD/NSPS-208A.HD.wmv
2021-02-07T02:28:48.862Z info: start download
2021-02-07T02:31:04.969Z info: ::ffff:14.169.46.175 GET /get/2YG1JDV5PW4K
2021-02-07T02:31:04.973Z info: getting download link...
2021-02-07T02:31:15.729Z info: https://download011.fshare.vn/dl/QbJx0wn1jqrjNC6yRd8ZJ4kN-VGcD59AyexeNxKhy3jAHo0AgUd48rxQfzu-ruSUFMT2N7ECiwvw96-y/Tong%20hop%20gan%202000%20game%20SNES%20cuc%20hay.rar
2021-02-07T02:31:29.237Z info: start download
2021-02-07T02:31:29.711Z info: start download
2021-02-07T02:32:44.222Z info: download done
2021-02-07T02:36:06.741Z info: download done
2021-02-07T02:37:05.410Z info: download done
2021-02-07T02:37:13.950Z info: download done
2021-02-07T02:47:45.921Z info: ::ffff:14.250.102.72 GET /get/12VZ49OENTVM
2021-02-07T02:47:45.921Z info: getting download link...
2021-02-07T02:47:46.329Z info: https://download018.fshare.vn/dl/qZ0UeCccAr2+NL71xTqDpA-kOTrv+KEcfv0HBTjjQkp8YN0Qyzd0LC6Lbhun+psSSlbtRxg6TqI7Gawv/Activato_%20New_2021.7z
2021-02-07T02:47:50.467Z info: start download
2021-02-07T02:47:50.708Z info: download done
2021-02-07T02:47:51.155Z info: start download
2021-02-07T02:47:51.828Z info: download done
2021-02-07T02:47:52.025Z info: download done
2021-02-07T02:49:20.410Z info: ::ffff:14.230.3.42 GET /get/XWF8HIS6AJNB
2021-02-07T02:49:20.410Z info: getting download link...
2021-02-07T02:49:20.876Z info: https://download044.fshare.vn/dl/fqiR8FXDoyZeHhivZ5EGWeX6rehfPQTm7+Xg8uxeeMwdkKtGqn8aI4KvMlZUTE2Ax+H0Ej3ddWQ7AG43/Adobe_XD_v35.2.12.dmg
2021-02-07T02:50:17.467Z info: start download
2021-02-07T02:53:57.482Z info: ::ffff:14.250.102.72 GET /get/BXKSX3AU9F1L
2021-02-07T02:53:57.485Z info: getting download link...
2021-02-07T02:53:58.335Z info: https://download032.fshare.vn/dl/ey2SUHbu39wTFhQrFicSDtdu1Q-ELqv19Ew7GvgTuMU8XewwTgj+RA-x3kEyqi9ODsWqL9Kfe57TInME/WIN%2010_1909_LNBG.iso
2021-02-07T02:54:02.551Z info: start download
2021-02-07T02:54:02.775Z info: download done
2021-02-07T02:54:03.350Z info: start download
2021-02-07T02:54:19.392Z info: ::ffff:1.55.49.203 GET /get/G7AJNBERC5FE
2021-02-07T02:54:19.393Z info: getting download link...
2021-02-07T02:54:19.759Z info: https://download001.fshare.vn/dl/1yWaaI21EB+4L6PuTKhi0oiqcMpfOvsyaBFBk8DGrT084mjI6HGk2TmA3plB5Cb0wsatzpUtaGwazimU/Adobe%20Illustrator%20CC%202015%20-%20T%E1%BB%95ng%20qu%C3%A1t%20c%C6%A1%20b%E1%BA%A3n%20%C4%91%E1%BA%BFn%20n%C3%A2ng%20cao.rar
2021-02-07T02:54:23.593Z info: start download
2021-02-07T02:54:24.201Z info: download done
2021-02-07T02:54:24.203Z info: start download
2021-02-07T02:54:39.723Z info: download done
2021-02-07T02:55:51.130Z info: ::ffff:14.250.102.72 GET /get/GZA6PTOP8QQ9
2021-02-07T02:55:51.130Z info: getting download link...
2021-02-07T02:55:51.476Z info: https://download039.fshare.vn/dl/NFl7+2Xf30xS8oEKdBmqg2PzuRbxyy3gYkMvGUXkwpm5PgHPt6iUpdi6wshY7+jx22aLq93mxuFeaLGm/Camtasia%202020.exe
2021-02-07T02:55:55.691Z info: start download
2021-02-07T02:55:55.898Z info: download done
2021-02-07T02:55:56.271Z info: start download
2021-02-07T02:57:03.454Z info: download done
2021-02-07T02:57:11.152Z info: ::ffff:52.40.85.94 GET /get/G7AJNBERC5FE
2021-02-07T02:57:11.152Z info: getting download link...
2021-02-07T02:57:21.812Z info: https://download001.fshare.vn/dl/ChtljJNYbunYOjhqMsLPDkq4cw9O5e9p71YOBg2lFRXMMPMvp8cvyf+eLamTXnnRYQSNRvtGFo5xzzL9/Adobe%20Illustrator%20CC%202015%20-%20T%E1%BB%95ng%20qu%C3%A1t%20c%C6%A1%20b%E1%BA%A3n%20%C4%91%E1%BA%BFn%20n%C3%A2ng%20cao.rar
2021-02-07T02:58:14.267Z info: ::ffff:116.96.74.138 GET /get/KUALT2JCPC92
2021-02-07T02:58:14.267Z info: getting download link...
2021-02-07T02:58:14.655Z info: https://download034.fshare.vn/dl/pKZRfHUbJmv8YaWHhS5Ah8hHQ6BKgSrHcdiG4-HrpD5aJOLm77xkPBAOCi7T54J6gtIiL65pLB7LSmSq/WandaVision.S01E01.2160p.DSNP.WEB-DL.DDP5.1.Atmos.HDR.HEVC-CMRG.mkv
2021-02-07T02:58:48.239Z info: ::ffff:116.96.74.138 GET /get/SBV72GTGK6WR
2021-02-07T02:58:48.239Z info: getting download link...
2021-02-07T02:58:58.875Z info: https://download031.fshare.vn/dl/pIkzD5UmsGHXVUHyVtHSlKQ56aPWob-heamnu5jSmyfZiFgoVXdrHslYcmbbZ0gCOgH7mqkFVxxw3Mv0/WandaVision.S01E02.2160p.DSNP.WEB-DL.DDP5.1.Atmos.HDR.HEVC-CMRG.mkv
2021-02-07T02:59:04.684Z info: start download
2021-02-07T02:59:09.039Z info: start download
2021-02-07T02:59:11.345Z info: download done
2021-02-07T02:59:31.912Z info: ::ffff:14.190.11.146 GET /get/59JOH5Y3C7NDNU3
2021-02-07T02:59:31.912Z info: getting download link...
2021-02-07T02:59:42.618Z info: https://download032.fshare.vn/dl/WbhMvk2gkIpUIWY30uM3AeUcoO58G-lHo2PztXLydjnTFA00GtznIkltF8x0fZhgfoO5MEXmtXf4Affu/Yua%20Mikami%20Uncensored.mp4
2021-02-07T02:59:48.271Z info: start download
2021-02-07T03:02:30.908Z info: download done
2021-02-07T03:05:34.690Z info: ::ffff:14.190.11.146 GET /get/7R3Q6E9QP441FSG
2021-02-07T03:05:34.693Z info: getting download link...
2021-02-07T03:05:35.063Z info: https://download046.fshare.vn/dl/vhwjTsYGB+oEFh7K-acu8oYhmJFTZxzKcNHKGarutu50zqq0ZtdozGD7dxDiod-WT3F5cEzl0GSCol9I/Mikami%20Yua%20Uncensored%2001092019002%20%5Bhd%5D%202019.mp4
2021-02-07T03:05:38.466Z info: start download
2021-02-07T03:05:51.315Z info: ::ffff:171.252.155.212 GET /get/UE6F9T3MN4C342N
2021-02-07T03:05:51.319Z info: getting download link...
2021-02-07T03:05:52.297Z info: https://download006.fshare.vn/dl/+1Wua9t8mFV3OL-68EQPR3O2q99MsEQbSJae20A8u4+nYr3+hNOk2Fls4KsbNcV71YokFAYcliRbTjfc/VIXEN_100487-UMA_1080P.mp4
2021-02-07T03:06:00.322Z info: start download
2021-02-07T03:06:02.874Z info: download done
2021-02-07T03:08:29.529Z error: download router: TypeError [ERR_INVALID_ARG_TYPE]: The first argument must be of type string or an instance of Buffer, ArrayBuffer, or Array or an Array-like Object. Received undefined
2021-02-07T03:08:39.459Z info: start download
2021-02-07T03:09:05.342Z error: download router: TypeError [ERR_INVALID_ARG_TYPE]: The first argument must be of type string or an instance of Buffer, ArrayBuffer, or Array or an Array-like Object. Received undefined
2021-02-07T03:09:18.093Z error: download router: TypeError [ERR_INVALID_ARG_TYPE]: The first argument must be of type string or an instance of Buffer, ArrayBuffer, or Array or an Array-like Object. Received undefined
2021-02-07T03:09:38.416Z info: download done
2021-02-07T03:14:54.230Z info: ::ffff:171.231.232.142 GET /get/G69IIPTPUUD2
2021-02-07T03:14:54.233Z info: getting download link...
2021-02-07T03:14:54.598Z info: https://download027.fshare.vn/dl/9cNkHfQEGOMCBQCPm4VRKg-eDfmnPwJZFcPBsszcWTJBekHyM76nI3aNQORfdpoWeQn156sXCz-sbvru/Asia%20078%20-%20Tinh%20ca%2075-95%20chon%20loc.zip
2021-02-07T03:15:10.052Z info: start download
2021-02-07T03:15:18.086Z info: download done
2021-02-07T03:15:18.694Z info: start download
2021-02-07T03:15:33.476Z info: download done
2021-02-07T03:15:51.636Z info: start download
2021-02-07T03:15:53.128Z info: download done
2021-02-07T03:15:53.514Z info: start download
2021-02-07T03:16:05.579Z info: download done
2021-02-07T03:26:28.117Z info: download done
2021-02-07T03:28:18.485Z info: ::ffff:221.105.249.241 GET /get/9BH7CSQ2TLAA
2021-02-07T03:28:18.485Z info: getting download link...
2021-02-07T03:28:19.415Z info: https://download031.fshare.vn/dl/JklpygAHpCmyizzbbW3LjNG5Q3npgzBDKeWGYd1vFnCP8EyCFGAmt2---MVNluyh8yEFCrGtaRHXhJMb/Deliver.Us.from.Evil.2020.ViE.mHD.BluRay.DD5.1.x264-TayTO.mkv
2021-02-07T03:28:31.029Z info: start download
2021-02-07T03:28:31.825Z info: ::ffff:1.53.199.211 GET /get/WHEAXLXM243T
2021-02-07T03:28:31.825Z info: getting download link...
2021-02-07T03:28:32.235Z info: https://download023.fshare.vn/dl/MEB9O0voH1hff6VDM8VnSdEaNk75S9rXl78FGTpdCcxgSMMTxPX1fSGlSM5ENvQ3RYtJjJmonMfkGXWo/02.CEO%20VinaLink%20chia%20s%E1%BA%BB%20c%C3%A1ch%20l%C3%A0m%20Marketing%20tr%C3%AAn%20Facebook%20t%E1%BB%AB%20A-Z.rar
2021-02-07T03:28:41.327Z info: start download
2021-02-07T03:32:09.267Z info: ::ffff:221.105.249.241 GET /get/9BH7CSQ2TLAA
2021-02-07T03:32:09.270Z info: getting download link...
2021-02-07T03:32:09.694Z info: https://download031.fshare.vn/dl/JcuWODNwcqD18MG4CAFfNXyNIg-skewledJB8T8gDsffxs53LBW9EXzZP+MxojvczGMBv+hmt896A9lw/Deliver.Us.from.Evil.2020.ViE.mHD.BluRay.DD5.1.x264-TayTO.mkv
2021-02-07T03:34:23.385Z info: ::ffff:14.230.3.42 GET /get/XWF8HIS6AJNB
2021-02-07T03:34:23.386Z info: getting download link...
2021-02-07T03:34:23.799Z info: https://download044.fshare.vn/dl/hzaqIrS3tGsmA-tbCB1G9JB5-wKxaElAun0kasWb4ud-Q7np1oU28g8g4Lfoyp9r7YZvNyB7cg7mSrko/Adobe_XD_v35.2.12.dmg
2021-02-07T03:36:19.893Z info: ::ffff:222.252.56.128 GET /get/O342LKS2LIJV
2021-02-07T03:36:19.894Z info: getting download link...
2021-02-07T03:36:20.246Z info: https://download024.fshare.vn/dl/Ifb2hBOQwKyjzJ+ZvKs0jA+23+QsaWpij0HlAFZ2RKY2pX32UW+hcBW3tkLDPg5MhonEc9fMC7BsM-Qi/Cau%20Be%20But%20Chi%20-%20tap%20%20%281%29.mp4
2021-02-07T03:37:48.671Z info: ::ffff:113.23.91.241 GET /get/UE58IK3HSBU6
2021-02-07T03:37:48.672Z info: getting download link...
2021-02-07T03:37:49.124Z info: https://download030.fshare.vn/dl/Wgbk-jcONHnpSOeDXznn-xqVCNzcRV9vLK935tYRdo8hRahlQ8qW1OmMx3dLKrpAUIvls7FcC-oMsuay/Install%20macOS%20Sierra%2012.6.03.dmg
2021-02-07T03:41:33.972Z info: ::ffff:218.212.47.208 GET /get/UE58IK3HSBU6
2021-02-07T03:41:33.972Z info: getting download link...
2021-02-07T03:41:44.646Z info: https://download030.fshare.vn/dl/cAn2BAqUlcABuYx-dBMAdvMcsSTFA7gUe92lO4P-yZOgvFik8V-WUn47kRTsUpx6enSd2FV17RCWAFDe/Install%20macOS%20Sierra%2012.6.03.dmg
2021-02-07T03:50:25.057Z info: ::ffff:14.230.3.42 GET /get/XWF8HIS6AJNB
2021-02-07T03:50:25.061Z info: getting download link...
2021-02-07T03:50:25.443Z info: https://download044.fshare.vn/dl/qhOu115VN2mHFuPOeHnHLOhOrmrLojmUZs1JYyvGliSQQsMyUCzAGxTNh3sCj0lrOKRCAwnvnwwF5hbC/Adobe_XD_v35.2.12.dmg
2021-02-07T03:56:53.620Z info: download done
2021-02-07T03:57:04.425Z info: start download
2021-02-07T03:58:46.915Z info: ::ffff:128.199.161.84 GET /get/XFYDKKU9G9OC
2021-02-07T03:58:46.916Z info: getting download link...
2021-02-07T03:58:47.353Z info: https://download005.fshare.vn/dl/pH1-BzRcIt4rLvpHwdto6tNq+eeRZVJVkbruBu08EazbgkKOOcDo0Q68ypBNkYu5xO1oRt84wCn9ksOa/Hau%20Due%20Cua%20Mat%20Troi%20E09.LT.mkv
2021-02-07T04:00:02.963Z info: download done
2021-02-07T04:06:46.403Z info: download done
2021-02-07T04:08:03.257Z info: start download
2021-02-07T04:08:09.618Z info: start download
2021-02-07T04:08:43.246Z info: download done
2021-02-07T04:10:09.118Z info: ::ffff:1.55.49.203 GET /get/UPNV7Z7QVUBS
2021-02-07T04:10:09.120Z info: getting download link...
2021-02-07T04:10:09.562Z info: https://download032.fshare.vn/dl/DJZg4HUSF75R3H+E-LOHwI38dbfFyw3-H6lROVR7d9iS24QM3X6C6IjJoKglBxcSE4UaO1FQwEVVhVLy/Gi%C3%A1o%20Tr%C3%ACnh%20t%E1%BB%B1%20h%E1%BB%8Dc%20Photoshop%20-%20Lightroom%20-%20Illustrator.rar
2021-02-07T04:10:13.000Z info: start download
2021-02-07T04:10:13.526Z info: download done
2021-02-07T04:11:50.714Z info: start download
2021-02-07T04:11:52.683Z info: download done
2021-02-07T04:12:36.854Z info: ::ffff:18.237.215.68 GET /get/UPNV7Z7QVUBS
2021-02-07T04:12:36.854Z info: getting download link...
2021-02-07T04:12:37.295Z info: https://download032.fshare.vn/dl/E4+I6yEEpI-TylOBjRnN-A0sbg3CETKxpMU7Dvq8EllsqK1Y0tanJC7r9T+AEEgta8t80l4FUPHtqF4g/Gi%C3%A1o%20Tr%C3%ACnh%20t%E1%BB%B1%20h%E1%BB%8Dc%20Photoshop%20-%20Lightroom%20-%20Illustrator.rar
2021-02-07T04:13:08.831Z info: download done
2021-02-07T04:20:24.847Z info: ::ffff:221.105.249.241 GET /get/9BH7CSQ2TLAA
2021-02-07T04:20:24.847Z info: getting download link...
2021-02-07T04:20:35.314Z info: https://download031.fshare.vn/dl/xStYI21fiLQfSEv2yYv4W+jhhHBHErEXLGHFQdCBj4zDXeNEIYvUzPgNw91Mc5G0y5wpZUswhVeAELdB/Deliver.Us.from.Evil.2020.ViE.mHD.BluRay.DD5.1.x264-TayTO.mkv
2021-02-07T04:27:21.734Z info: start download
2021-02-07T04:27:22.300Z info: download done
2021-02-07T04:27:22.449Z info: start download
2021-02-07T04:27:52.928Z info: download done
2021-02-07T04:27:56.050Z info: start download
2021-02-07T04:27:57.844Z info: download done
2021-02-07T04:30:55.029Z info: ::ffff:1.53.114.47 GET /get/NERC49QMOA3AU89
2021-02-07T04:30:55.029Z info: getting download link...
2021-02-07T04:30:55.410Z info: https://download036.fshare.vn/dl/acIwUvugqPu3OgXbwErAgCOlTSktDlFkwOrGB9SI8mja0DhXmQ9lW2k8Ba0TZpjh2Tr3DReAvPDkXwAY/Tom%20and%20Jerry%20-%20Willy%20Wonka%20And%20The%20Chocolate%20Factory%20%282017%29.mkv
2021-02-07T04:33:57.012Z info: download done
2021-02-07T04:45:11.239Z info: ::ffff:1.53.199.211 GET /get/VWNA7S65ZA4I
2021-02-07T04:45:11.239Z info: getting download link...
2021-02-07T04:45:11.588Z info: https://download037.fshare.vn/dl/nSKBMCyNrmkwy4PVJ9cUkrMwjboNop0Dk3-IQL+UE8VdBR-K5wqB6Nh-mep7m6OGLyXXsJ7tY2sH1VG-/20.8%20B%C3%A0i%20t%E1%BA%ADp%20Th%E1%BB%B1c%20Ti%E1%BB%85n%20v%E1%BB%81%20%C3%9D%20t%C6%B0%E1%BB%9Fng%20Chi%E1%BA%BFn%20L%C6%B0%E1%BB%A3c%20K%E1%BA%BF%20Ho%E1%BA%A1ch%20Kinh%20Doanh%20Online.rar
2021-02-07T04:45:16.518Z info: start download
2021-02-07T05:01:37.874Z info: ::ffff:171.232.143.117 GET /get/3Q9PJDW5R4ZFVS5
2021-02-07T05:01:37.874Z info: getting download link...
2021-02-07T05:01:38.295Z info: https://download045.fshare.vn/dl/fJWyPFZbSijNP-3FczpJ0r8jqNrd34KokSq6bUPCMEcn2KAZnhexNLAPjNR3R1MGW7sAxwF1Ume9A44A/Wife%27s%20sisters%202020%201080p%20HDRip%20AAC%20H.264.mkv
2021-02-07T05:01:41.726Z info: start download
2021-02-07T05:01:41.938Z info: download done
2021-02-07T05:01:42.493Z info: start download
2021-02-07T05:02:12.416Z info: download done
2021-02-07T05:02:14.842Z info: start download
2021-02-07T05:02:16.762Z info: start download
2021-02-07T05:02:18.039Z info: download done
2021-02-07T05:02:33.034Z info: start download
2021-02-07T05:02:33.229Z info: download done
2021-02-07T05:02:33.593Z info: start download
2021-02-07T05:02:50.984Z info: download done
2021-02-07T05:03:09.620Z info: start download
2021-02-07T05:03:57.204Z info: download done
2021-02-07T05:04:29.669Z info: download done
2021-02-07T05:04:41.297Z info: start download
2021-02-07T05:05:02.156Z info: download done
2021-02-07T05:05:16.038Z info: ::ffff:8.39.127.46 GET /get/XWF8HIS6AJNB
2021-02-07T05:05:16.038Z info: getting download link...
2021-02-07T05:05:16.467Z info: https://download044.fshare.vn/dl/xuUwWR23bQiMUMOk8Os6YyOK2b-3jjDOlKnwXad6Rg0lGD8TClPEDFaD8L7vJE1AFS1jInpfukAG7SNK/Adobe_XD_v35.2.12.dmg
2021-02-07T05:06:28.704Z info: download done
2021-02-07T05:15:34.673Z info: ::ffff:116.102.237.250 GET /get/HZBA7T9JMAA8
2021-02-07T05:15:34.673Z info: getting download link...
2021-02-07T05:15:45.156Z info: https://download029.fshare.vn/dl/wVKTSEl3OufwU0r5dZUl4vnxaLseAcSPkqzHV+9NawnVwxbHk+pVPgROqhFQ-dWh3Qr2eL3ttMX6GhXB/Nioh.2_LinkNeverDie.Com.part5.rar
2021-02-07T05:16:01.249Z info: start download
2021-02-07T05:16:01.775Z info: start download
2021-02-07T05:18:37.849Z info: download done
2021-02-07T05:23:44.074Z info: start download
2021-02-07T05:26:50.114Z info: start download
2021-02-07T05:27:08.976Z info: download done
2021-02-07T05:27:11.947Z info: start download
2021-02-07T05:27:16.214Z info: download done
2021-02-07T05:27:16.603Z info: start download
2021-02-07T05:27:36.193Z info: ::ffff:8.39.127.46 GET /get/XWF8HIS6AJNB
2021-02-07T05:27:36.193Z info: getting download link...
2021-02-07T05:27:36.661Z info: https://download044.fshare.vn/dl/VWEvbsWZZcn4K4KFp5GN7KlwAIpnIRZQCfLRw-ahF4WN7SJgmqOp+cCxpzv6eFnNwjHGGnrpyJFcrhOT/Adobe_XD_v35.2.12.dmg
2021-02-07T05:28:45.148Z info: download done
2021-02-07T05:32:19.091Z info: download done
2021-02-07T05:35:43.071Z info: download done
2021-02-07T05:43:08.309Z info: download done
2021-02-07T06:07:43.446Z info: start download
2021-02-07T06:38:39.326Z info: ::ffff:14.243.95.45 GET /get/RLG9JPP47D1Q
2021-02-07T06:38:39.329Z info: getting download link...
2021-02-07T06:38:39.794Z info: https://download019.fshare.vn/dl/ncPlBteLXnUcVXRokWS4B1roE-58z9EV63Z5tOSgyd9aQ+T6cxqdvclKRDtqqXzEbKcuDJM7pn6vnIhk/Game%20of%20Thrones%20%283%29.mkv
2021-02-07T06:38:44.793Z info: start download
2021-02-07T06:38:45.117Z info: download done
2021-02-07T06:38:45.707Z info: start download
2021-02-07T06:44:06.013Z info: download done
2021-02-07T06:51:43.414Z info: download done
2021-02-07T06:54:02.260Z info: start download
2021-02-07T07:00:28.091Z info: ::ffff:8.21.11.98 GET /get/FGR69HFGNO7N
2021-02-07T07:00:28.091Z info: getting download link...
2021-02-07T07:00:38.558Z info: https://download026.fshare.vn/dl/um+wSi-9I38boxbjzHWSfk45Z2q9hL5XrxjpAzJ6THuMqiulxhzbtp8B0J6vQdjXRBsMaqmBVSGFV0Pq/hoanh%20trang%20h%E1%BB%93i%20h%E1%BB%99p.rar
2021-02-07T07:09:18.417Z info: download done
2021-02-07T07:38:48.892Z info: start download
2021-02-07T07:38:51.734Z info: download done
2021-02-07T07:38:52.138Z info: start download
2021-02-07T07:52:14.835Z info: ::ffff:171.225.254.250 GET /get/J719WKS3RC343RC
2021-02-07T07:52:14.839Z info: getting download link...
2021-02-07T07:52:15.357Z info: https://download042.fshare.vn/dl/f71lYRAGW-UTcHbbeumpCSClC4smu5ld+8V2MdUHte5ErRyz5kKM6tOAjs0Ib6cGwJdTfiu-gQ93WzkF/Requiem.for.a.Killer.2011.S%C3%A1t%20Th%E1%BB%A7%20Hoa%20H%E1%BB%93ng.BluRay.720p.SUBVIET%20%28BC%29.mkv
2021-02-07T07:52:36.765Z info: start download
2021-02-07T07:52:37.672Z info: download done
2021-02-07T07:52:39.101Z info: start download
2021-02-07T07:52:40.516Z info: download done
2021-02-07T07:55:23.355Z info: ::ffff:1.55.49.203 GET /get/UK2B39SVS2LL
2021-02-07T07:55:23.357Z info: getting download link...
2021-02-07T07:55:30.930Z info: https://download017.fshare.vn/dl/Ny7Fe9CgakWyGitikzF2OMXG15fNAkHcxT9TT2yuDj07gBWiDzgpGilUygQ7zchJ9EHmIo8M0s4QeySK/WPSDK%208.x%20Lite.rar
2021-02-07T07:55:40.623Z info: start download
2021-02-07T07:55:41.857Z info: download done
2021-02-07T07:55:42.280Z info: start download
2021-02-07T07:55:44.981Z info: start download
2021-02-07T07:55:46.208Z info: download done
2021-02-07T07:58:12.498Z info: ::ffff:27.3.125.89 GET /get/UE58IK3HSBU6
2021-02-07T07:58:12.502Z info: getting download link...
2021-02-07T07:58:22.954Z info: https://download030.fshare.vn/dl/k9GEudpCWPhvS9sZwRDb6zHnUwigZFaauxx-dcPVG1dYaaDdcQsUwATVD5iu1gzg6lHeh0lbTnGh9kGH/Install%20macOS%20Sierra%2012.6.03.dmg
2021-02-07T07:58:39.468Z info: start download
2021-02-07T07:58:45.652Z info: download done
2021-02-07T08:06:55.364Z info: start download
2021-02-07T08:07:06.094Z info: download done
2021-02-07T08:09:35.681Z info: ::ffff:223.218.104.171 GET /get/TE9S1DKIIS65
2021-02-07T08:09:35.683Z info: getting download link...
2021-02-07T08:09:39.238Z info: https://download025.fshare.vn/dl/C54hky0P7tFrhb8y6CN-oI6RDYPmA1856wsNpyS00n7q+KHpFGLaOSQ7Co8aH56++pThYCEyourhT7Lc/Adobe_Photoshop_2021_v22.0.zip
2021-02-07T08:09:44.082Z info: start download
2021-02-07T08:10:14.959Z info: download done
2021-02-07T08:10:41.368Z info: ::ffff:116.104.60.203 GET /get/NERC49QMOA3AU89
2021-02-07T08:10:41.370Z info: getting download link...
2021-02-07T08:10:41.834Z info: https://download036.fshare.vn/dl/0knsYEuaO3I+fisz6ZDqzSCFYa3VBGGmYyoV28blMH+TfE6xXRY+iXNgaPzQyETi+RjUvBDF0Pr7HHX+/Tom%20and%20Jerry%20-%20Willy%20Wonka%20And%20The%20Chocolate%20Factory%20%282017%29.mkv
2021-02-07T08:11:57.546Z info: start download
2021-02-07T08:11:59.557Z info: download done
2021-02-07T08:12:08.017Z info: start download
2021-02-07T08:12:14.444Z info: download done
2021-02-07T08:12:17.036Z info: start download
2021-02-07T08:12:19.585Z info: download done
2021-02-07T08:12:39.737Z info: start download
2021-02-07T08:13:03.148Z info: start download
2021-02-07T08:13:03.632Z info: download done
2021-02-07T08:13:33.702Z info: start download
2021-02-07T08:13:40.058Z info: download done
2021-02-07T08:16:18.913Z info: start download
