2021-02-08T01:02:05.574Z info: download done
2021-02-08T01:04:09.066Z info: ::ffff:1.53.199.211 GET /get/9CRK719WKRX2
2021-02-08T01:04:09.067Z info: getting download link...
2021-02-08T01:04:09.476Z info: https://download033.fshare.vn/dl/nW4+1pFAElh3AX39zIIlTLRs3wp3no4fFnGr+YRpfZrYvupKAyNoBSOUDqGWlhcAd7in0m96JistdrH3/Nhung%20pha%20show%20hang%20tren%20bigo%20live.mp4
2021-02-08T01:04:14.282Z info: start download
2021-02-08T01:06:35.669Z info: download done
2021-02-08T01:09:35.286Z info: ::ffff:1.53.199.211 GET /get/QKDW4LCN1UYX
2021-02-08T01:09:35.286Z info: getting download link...
2021-02-08T01:09:45.699Z info: https://download021.fshare.vn/dl/TJRBcf2Yl4vDKds4lDLv+OkaBUWJRAKjcKRi+W5ppCrgWLnBuwgEw8FDNnzCoWXIsbQ1GIIaXb7ZvlcB/24.09.2020_1.mp4
2021-02-08T01:10:01.516Z info: start download
2021-02-08T01:15:44.354Z info: download done
2021-02-08T01:16:47.331Z info: ::ffff:123.24.229.134 GET /get/WHFFLEYFUS79
2021-02-08T01:16:47.332Z info: getting download link...
2021-02-08T01:16:47.678Z info: https://download046.fshare.vn/dl/CV6LcIN-G44HRIbH63NgyNLqoV4VsyRtV-n9hGi966fPho89sPT-Kpaa2AnAQ8jWufhmeDhnNWNTwO8c/%5BKhiPhach.vn%5D%20GTA%20Vice%20City%20mod%20HD%20Viet%20Hoa.zip
2021-02-08T01:16:50.882Z info: start download
2021-02-08T01:18:11.408Z info: download done
2021-02-08T01:23:52.245Z info: ::ffff:1.53.199.211 GET /get/MEVWPI75TEB4
2021-02-08T01:23:52.246Z info: getting download link...
2021-02-08T01:23:55.636Z info: https://download038.fshare.vn/dl/n+fJxMo90gCtWqWn8ATf-5Zrs3QupHq0HZjIwJ5cxMs2LH3ldUICnDSBy5RRzMfhESQkoukxRi4gFp43/24.09.2020_Show.Only_1.mp4
2021-02-08T01:24:04.905Z info: start download
2021-02-08T01:26:52.151Z info: download done
2021-02-08T01:32:25.872Z info: ::ffff:1.53.199.211 GET /get/M817NFVWM3C6JXU6
2021-02-08T01:32:25.872Z info: getting download link...
2021-02-08T01:32:36.494Z info: https://download039.fshare.vn/dl/N-ZA6ddAp2d-8gfU4rXRwOcgfxBUwgP7+hEOpySb5pVykAVm8Pk64wGux+vuVC7Om4nuqR-rj1sZRmDV/Th%E1%BA%A3o%20M%C3%A8o%20Bigo%20Live.1080p.x264.aac.mkv
2021-02-08T01:32:40.991Z info: start download
2021-02-08T01:33:22.026Z info: download done
2021-02-08T01:39:48.194Z info: ::ffff:1.53.199.211 GET /get/M817K29WG9OENRL
2021-02-08T01:39:48.194Z info: getting download link...
2021-02-08T01:39:58.859Z info: https://download009.fshare.vn/dl/I2gdurTkz0jOqxM4SsrNGKz1tBRIVtfL08QB-MmUSq8RdO9imtYtJgvAS110lbbLEgGXYBaHrCXralG5/11.mp4
2021-02-08T01:40:06.722Z info: start download
2021-02-08T01:44:49.291Z info: download done
2021-02-08T02:16:31.906Z info: ::ffff:113.160.151.244 GET /get/M7XRTIUHK4LC
2021-02-08T02:16:31.906Z info: getting download link...
2021-02-08T02:16:32.238Z info: https://download014.fshare.vn/dl/PnWoWillqTn+Lp9BSLZM9okltYA15bbl3qQK0biWVWCjSHrCvSGggKDWJ2jQEt+RiZ0qtfaaUHY2CX2r/Various%20Artists%20-%20Love%20Song%20Collections%20-1991.rar
2021-02-08T02:16:58.099Z info: start download
2021-02-08T02:23:28.790Z info: ::ffff:1.53.199.211 GET /get/Q8M8XSUL5PVY
2021-02-08T02:23:28.792Z info: getting download link...
2021-02-08T02:23:29.187Z info: https://download036.fshare.vn/dl/1cEp2P8XCzseonefLneAeNlxcZHY8w3J-6U0IF-9wxK5Bhv2+7iMPtSJSrHYjcUtaA29os7g--19N7om/Kh%C3%B3a%20h%E1%BB%8Dc%20-%20L%C3%A0m%20ch%E1%BB%A7%20k%E1%BB%B9%20n%C4%83ng%20m%E1%BB%81m.zip
2021-02-08T02:25:33.315Z info: start download
2021-02-08T02:26:03.763Z info: download done
2021-02-08T02:26:08.900Z info: start download
2021-02-08T02:26:10.464Z info: download done
2021-02-08T02:26:10.862Z info: start download
2021-02-08T02:26:12.554Z info: start download
2021-02-08T02:26:25.675Z info: download done
2021-02-08T02:28:40.703Z info: ::ffff:113.160.151.244 GET /get/M7XRTIUHK4LC
2021-02-08T02:28:40.706Z info: getting download link...
2021-02-08T02:28:41.116Z info: https://download014.fshare.vn/dl/tgj8JlPAG7qPYD302pUh20EtJnbmCUK9+sZNbz5etfh+HWfy-jXAc-P1TpH6KDf1lGJxAwV6q084XSOn/Various%20Artists%20-%20Love%20Song%20Collections%20-1991.rar
2021-02-08T02:28:47.783Z info: start download
2021-02-08T02:28:47.940Z info: download done
2021-02-08T02:28:48.444Z info: start download
2021-02-08T02:29:09.512Z info: download done
2021-02-08T02:29:21.275Z info: start download
2021-02-08T02:29:21.799Z info: start download
2021-02-08T02:29:21.907Z info: download done
2021-02-08T02:36:26.811Z info: download done
2021-02-08T02:40:03.346Z info: download done
2021-02-08T02:52:05.347Z info: download done
2021-02-08T02:55:58.961Z info: ::ffff:1.53.199.211 GET /get/TVPNUZ4EEFQ6
2021-02-08T02:55:58.961Z info: getting download link...
2021-02-08T02:55:59.347Z info: https://download023.fshare.vn/dl/l3gvQTMackJ1MLgUJdiGUNTzrDWJhD+udS0h35rQFk2M7x8EX-MUjcMFEbhtGySfxW5iOAPnFYoODgVH/S%C3%A1ch%20PDF%20Ti%E1%BA%BFng%20Vi%E1%BB%87t.rar
2021-02-08T02:56:03.080Z info: start download
2021-02-08T02:58:56.363Z info: download done
2021-02-08T03:03:11.777Z info: ::ffff:1.53.199.211 GET /get/YN4C1W7Y1V2D
2021-02-08T03:03:11.777Z info: getting download link...
2021-02-08T03:03:12.154Z info: https://download029.fshare.vn/dl/HaYCTsOVIkvsnxd3aogcJPYk-K1yscfdR+LBUb8GoBEX14BZhu5Pwf172NGRcB98VETtV4qG5YncjD-x/a2%20video%20h%C6%B0%E1%BB%9Bng%20d%E1%BA%A9n%20k%C3%A9o%20m%C3%A0u%20b%E1%BA%B1ng%20pts.rar
2021-02-08T03:05:53.738Z info: start download
2021-02-08T03:10:49.812Z info: ::ffff:113.172.19.188 GET /get/KZ2ZKKWM11PB
2021-02-08T03:10:49.814Z info: getting download link...
2021-02-08T03:11:00.545Z info: https://download005.fshare.vn/dl/cGJrnfn2xHB2hin5bhoGnxARyC7A9c14ppACrDWBw4kaujRlDUtWlJwC9gUuBEO4irUkRq1o73tx8di2/Cambridge%2014%281%29.rar
2021-02-08T03:11:07.690Z info: start download
2021-02-08T03:11:19.276Z info: download done
2021-02-08T03:11:54.488Z info: download done
2021-02-08T03:11:58.400Z info: start download
2021-02-08T03:12:13.173Z info: download done
2021-02-08T03:12:32.547Z info: start download
2021-02-08T03:12:48.225Z info: download done
2021-02-08T03:14:02.530Z info: ::ffff:113.172.19.188 GET /get/LG69F56775TE
2021-02-08T03:14:02.530Z info: getting download link...
2021-02-08T03:14:13.253Z info: https://download013.fshare.vn/dl/jea1z6ccmHK3CwmPGLEubFYf+dw4Zeaz45xeSprZlsH8RdH7eHin8a91u4BdsnnaxayFZKC+2cfp0a6k/C.A.M%2013.zip
2021-02-08T03:15:41.363Z info: start download
2021-02-08T03:15:46.320Z info: ::ffff:1.53.199.211 GET /get/KHIS8F7HIS8F
2021-02-08T03:15:46.323Z info: getting download link...
2021-02-08T03:15:46.800Z info: https://download019.fshare.vn/dl/hdOiiNbQElrBhD4qaeWZ9MdivDOKQNKWUw+P37y-vpIb6FLRls3WSGPEtrRXJn+CEfaQa1CTAio-aHw2/a3%20video%20h%C6%B0%E1%BB%9Bng%20d%E1%BA%A9n%20k%C3%A9o%20m%C3%A0u%20b%E1%BA%B1ng%20pts.rar
2021-02-08T03:15:53.868Z info: download done
2021-02-08T03:15:56.359Z info: start download
2021-02-08T03:18:00.999Z info: ::ffff:8.21.11.116 GET /get/C1UVL149M5J2
2021-02-08T03:18:01.002Z info: getting download link...
2021-02-08T03:18:01.360Z info: https://download001.fshare.vn/dl/5ivFv+Efhr+7ArThd8QWq3fIP6DbuRjHCWPqDrDen+97VKI+iVFSzpHfVzqv0x3T-Gp4Tx5Mt47EuHgm/C.A.M%2012.rar
2021-02-08T03:18:10.210Z info: start download
2021-02-08T03:18:22.763Z info: download done
2021-02-08T03:19:18.940Z info: ::ffff:8.21.11.116 GET /get/TOO22QC6K2B6
2021-02-08T03:19:18.942Z info: getting download link...
2021-02-08T03:19:19.338Z info: https://download040.fshare.vn/dl/WBI-J3jhmI18AgZ9mESs5OrdIHLbIoOGaZFThivVzSRpFxO0tj53-7UvvMRZlwec6rvgy1YVb0QlXeyn/C.A.M%2011.zip
2021-02-08T03:19:24.429Z info: start download
2021-02-08T03:19:35.841Z info: ::ffff:171.249.182.59 GET /get/N49OCG1EP43US4U
2021-02-08T03:19:35.844Z info: getting download link...
2021-02-08T03:19:36.240Z info: https://download014.fshare.vn/dl/B7FyYw2EwsHGcpF72DRAgrdLUh4osmzMs-fmn6tqN1Z3SOIFfiu-QjqVE10w2lQwitPxRqQTEjogE2Fj/Atlantis.The.Lost.Empire.2001.Vie.720p.HDTV.DTS.x264-DON-HDAT.mkv
2021-02-08T03:19:48.019Z info: start download
2021-02-08T03:19:48.813Z info: download done
2021-02-08T03:21:08.930Z info: start download
2021-02-08T03:21:35.895Z info: download done
2021-02-08T03:22:21.908Z info: download done
2021-02-08T03:25:46.124Z info: ::ffff:103.199.41.197 GET /get/KHFHSBWBJJRW
2021-02-08T03:25:46.126Z info: getting download link...
2021-02-08T03:25:56.595Z info: https://download011.fshare.vn/dl/YozOLipGX7qo4G4Nn+EhkitI2fUBN8r+C0C8JPELOHM6IwHBIkT05w9mSuByuk5Nzf5TEVA2st0zrypb/Album%20chon%20loc%202.zip
2021-02-08T03:26:28.407Z info: start download
2021-02-08T03:26:28.984Z info: download done
2021-02-08T03:26:29.205Z info: start download
2021-02-08T03:26:54.162Z info: download done
2021-02-08T03:28:22.746Z info: ::ffff:1.53.199.211 GET /get/PB5JYZSOTR66
2021-02-08T03:28:22.747Z info: getting download link...
2021-02-08T03:28:23.121Z info: https://download030.fshare.vn/dl/CIzpqS4j6pLVfqXFNqFOGLPIHKlNFwAYtomIvtj3j+KqRldZb+QSjsQaEplagVkeds9BrRrwLyel7iWK/a4%20video%20h%C6%B0%E1%BB%9Bng%20d%E1%BA%A9n%20k%C3%A9o%20m%C3%A0u%20b%E1%BA%B1ng%20pts.rar
2021-02-08T03:28:27.141Z info: start download
2021-02-08T03:29:02.622Z info: download done
2021-02-08T03:29:43.045Z info: start download
2021-02-08T03:31:13.342Z info: start download
2021-02-08T03:31:15.228Z info: download done
2021-02-08T03:31:15.657Z info: start download
2021-02-08T03:31:31.428Z info: download done
2021-02-08T03:34:10.143Z info: download done
2021-02-08T03:37:31.104Z info: start download
2021-02-08T03:37:59.995Z info: download done
2021-02-08T03:38:37.012Z info: start download
2021-02-08T03:38:37.614Z info: download done
2021-02-08T03:38:37.640Z info: start download
2021-02-08T03:41:50.352Z info: start download
2021-02-08T03:42:16.815Z info: download done
2021-02-08T03:42:23.581Z info: download done
2021-02-08T03:42:51.594Z info: start download
2021-02-08T03:42:52.165Z info: download done
2021-02-08T03:43:32.740Z info: start download
2021-02-08T03:43:33.272Z info: download done
2021-02-08T03:46:58.576Z info: download done
2021-02-08T03:48:19.317Z info: ::ffff:103.199.41.197 GET /get/KHFHSBWBJJRW
2021-02-08T03:48:19.317Z info: getting download link...
2021-02-08T03:48:19.721Z info: https://download011.fshare.vn/dl/53Thr-b1F9el2RHyHnNE4xwkxwrqhNFW+oIuiyQGSH76ARV6Hax0a4F9ImdEm4nmSIjFxlxe1jUaPmdB/Album%20chon%20loc%202.zip
2021-02-08T03:48:27.989Z info: start download
2021-02-08T03:50:34.586Z info: ::ffff:1.53.199.211 GET /get/CQC9ZZN2ZMTZ
2021-02-08T03:50:34.589Z info: getting download link...
2021-02-08T03:50:35.062Z info: https://download004.fshare.vn/dl/tSxQ+b872B7c2g-IdChqzr-g061hD6OoZG+3hvAAkNKgTSfjVsT++G1AurApH31wINYtYzcdK4h5O68O/a5%20video%20h%C6%B0%E1%BB%9Bng%20d%E1%BA%A9n%20k%C3%A9o%20m%C3%A0u%20b%E1%BA%B1ng%20pts.rar
2021-02-08T03:50:44.335Z info: start download
2021-02-08T03:55:49.382Z info: download done
2021-02-08T04:02:12.045Z info: ::ffff:123.17.167.160 GET /get/CB93EIZ9ZXHB
2021-02-08T04:02:12.048Z info: getting download link...
2021-02-08T04:02:12.452Z info: https://download022.fshare.vn/dl/oMRFNKpOk65YxiHCdMuzTCTLBNsOcMg0IQjOlfM3PWrmph8C5hqMbpZ5AWHZ2hBFbiyJsM93Z7ez0K1r/WandaVision.S01E04.Episode.4.2021.1080p.DSNP.WEB-DL.DDP5.1.H.264-TOMMY%20%28Sub%20Viet%29.mkv
2021-02-08T04:02:15.335Z info: start download
2021-02-08T04:02:26.437Z info: download done
2021-02-08T04:02:27.016Z info: start download
2021-02-08T04:02:46.536Z info: ::ffff:115.78.13.161 GET /get/DLOB7T9KQP5A
2021-02-08T04:02:46.536Z info: getting download link...
2021-02-08T04:02:57.029Z info: https://download029.fshare.vn/dl/vnZQhd7O6guv+zoy7UJtgZAiwkicVzlVl8GEaWXa5mDHFq4+holalObvT1zJiM1u3vI-7th9tnxSZkS7/Part1.zip
2021-02-08T04:02:59.932Z info: start download
2021-02-08T04:03:41.116Z info: download done
2021-02-08T04:03:42.747Z info: ::ffff:115.78.13.161 GET /get/W985R67AJL28
2021-02-08T04:03:42.748Z info: getting download link...
2021-02-08T04:03:53.868Z info: https://download016.fshare.vn/dl/zWTpHEQNBuGx3jKGlMwLSFUAiwZoXY3yCwPUXH-MKgcfuXKRRbtrDujKTNUKnQfgPE5Smim+ZRhtC1IO/Part2.zip
2021-02-08T04:11:24.024Z info: ::ffff:123.17.167.160 GET /get/73NO9WIL7WOF
2021-02-08T04:11:24.027Z info: getting download link...
2021-02-08T04:11:24.400Z info: https://download003.fshare.vn/dl/m3DD0nOnhv0kmwk0qGBgHWllj0VuFrlD1PGhselWPzTAEZoh015Q1KE6OJiWJV-6LKfBocF4zzk7-+lS/STAR-598.rar
2021-02-08T04:11:27.107Z info: start download
2021-02-08T04:11:27.404Z info: download done
2021-02-08T04:11:27.773Z info: start download
2021-02-08T04:11:43.562Z info: download done
2021-02-08T04:15:57.344Z info: ::ffff:1.53.199.211 GET /get/EQAWHFFI1A3D
2021-02-08T04:15:57.347Z info: getting download link...
2021-02-08T04:15:57.831Z info: https://download034.fshare.vn/dl/7idarGWX3bvnRxPa1nCs3EYcvLqBhptwch1CINi4ki0J-FC-kzDGx7Yd3EbD2iN9gOna9TN8c8lxkCOS/2D.rar
2021-02-08T04:16:16.862Z info: start download
2021-02-08T04:20:24.254Z info: ::ffff:103.199.41.197 GET /get/5OO3579DV3FM
2021-02-08T04:20:24.257Z info: getting download link...
2021-02-08T04:20:24.661Z info: https://download010.fshare.vn/dl/+hyRFb8ezmA76CP9en7r8Wh4JuSGgnxeDXnrrFA1NJhxou4kQktcJ8RNRHLvFzAhrlR2ebN2S9-nREYI/Album%20chon%20loc%2010.zip
2021-02-08T04:20:30.056Z info: start download
2021-02-08T04:20:30.658Z info: download done
2021-02-08T04:20:32.467Z info: start download
2021-02-08T04:32:51.727Z info: start download
2021-02-08T04:33:28.905Z info: download done
2021-02-08T04:34:10.705Z info: start download
2021-02-08T04:34:48.777Z info: download done
2021-02-08T04:59:22.192Z info: download done
2021-02-08T05:16:07.000Z info: ::ffff:1.54.231.217 GET /get/ESJ2DEMMZUY1ZLS
2021-02-08T05:16:07.003Z info: getting download link...
2021-02-08T05:16:07.458Z info: https://download041.fshare.vn/dl/Pi+J8lCWTB8UV9t9rxFeheBbqV+CHDQ5DNxujofmi2lLwr5SZP9bh6d+lttsIJgcwOf594UYog5vc5vL/BoJack.Horseman.S01E01.1080p.NF.WEB-DL.DDP5.1.x264-Ao.mkv
2021-02-08T05:16:11.253Z info: start download
2021-02-08T05:16:18.499Z info: download done
2021-02-08T05:16:18.998Z info: start download
2021-02-08T05:16:26.291Z info: ::ffff:27.75.98.166 GET /get/8UAMXKT4RART
2021-02-08T05:16:26.291Z info: getting download link...
2021-02-08T05:16:26.709Z info: https://download032.fshare.vn/dl/0yXwjCO0d8X+dd7NBR6wwpgbltYu5WvqqsTtma5vKCBMjUUqzz9HaIJMSvwn7OsSPK-oVLWSq7wo63KP/intror.rar
2021-02-08T05:16:36.786Z info: ::ffff:27.75.98.166 GET /get/8UAMXKT4RART
2021-02-08T05:16:36.787Z info: getting download link...
2021-02-08T05:16:37.250Z info: https://download032.fshare.vn/dl/SAOa5oOYwUqzvuiZ3nvvqNl1GcETJl92UMXBvosNdIoXPnEfCCCtugJri0yr4bcwTBwahIVDTvLN3VkM/intror.rar
2021-02-08T05:17:21.561Z info: download done
2021-02-08T05:33:16.452Z info: ::ffff:103.199.41.197 GET /get/SY5K5PUXRSD7
2021-02-08T05:33:16.454Z info: getting download link...
2021-02-08T05:33:16.863Z info: https://download047.fshare.vn/dl/G14Nyxk2nTUTLruXe8nX8iNwT+5UDlwiLMERiNR28isN94VIEwWHFiaGxCObW2mDWH1ow7PPtvs-VFTY/Album%20chon%20loc%2011.zip
2021-02-08T05:33:20.052Z info: start download
2021-02-08T05:33:20.632Z info: download done
2021-02-08T05:33:20.636Z info: start download
2021-02-08T05:33:55.695Z info: start download
2021-02-08T05:33:55.751Z info: download done
2021-02-08T05:33:56.105Z info: start download
2021-02-08T05:34:05.436Z info: download done
2021-02-08T05:56:22.628Z info: download done
2021-02-08T05:58:34.788Z info: ::ffff:14.250.102.72 GET /get/ICWCNZPA3BYM
2021-02-08T05:58:34.789Z info: getting download link...
2021-02-08T05:58:35.242Z info: https://download005.fshare.vn/dl/mGJ06LYIu9S2AFxMrdCavHOUQumiv2F2rNkQq6AeZzBfIQz1PN+nEjy30zOHC34JUQcv19zdZb3ofMPA/UEFI%20Win10.20H2.x64.Lite.tib
2021-02-08T05:58:44.008Z info: start download
2021-02-08T05:59:24.878Z info: download done
2021-02-08T05:59:28.140Z info: start download
2021-02-08T06:03:02.340Z info: start download
2021-02-08T06:03:44.781Z info: download done
2021-02-08T06:06:24.424Z info: ::ffff:14.242.12.115 GET /get/2A1XFZESIWOI
2021-02-08T06:06:24.426Z info: getting download link...
2021-02-08T06:06:34.908Z info: https://download035.fshare.vn/dl/PHCgNumVquiXCZKv+UZ0kZKRnp3RMReFm5u5kwZmWtUfLylE7QPxExcS83sjY8d5N04AN63mQAu8mDRA/emlabanoicuaanh.mkv
2021-02-08T06:06:41.090Z info: start download
2021-02-08T06:06:41.175Z info: download done
2021-02-08T06:06:41.939Z info: start download
2021-02-08T06:08:15.405Z info: ::ffff:14.242.12.115 GET /get/5FC6K15E9T61B94
2021-02-08T06:08:15.408Z info: getting download link...
2021-02-08T06:08:15.879Z info: https://download036.fshare.vn/dl/-F0D0DBoDFaZWQKrwKBS6GDH8y8sJ5A5W1p2os0PwadGsxtaWd9nvmRAkJb+QW0wC3XjjV-6Gh7AUFCn/T%E1%BA%A5m%20C%C3%A1m%20Chuy%E1%BB%87n%20Ch%C6%B0a%20K%E1%BB%83.mp4
2021-02-08T06:08:18.998Z info: start download
2021-02-08T06:08:19.069Z info: download done
2021-02-08T06:08:19.440Z info: start download
2021-02-08T06:08:20.660Z info: download done
2021-02-08T06:10:43.732Z info: download done
2021-02-08T06:15:13.877Z info: download done
2021-02-08T06:15:23.626Z info: start download
2021-02-08T06:15:25.179Z info: download done
2021-02-08T06:15:25.562Z info: start download
2021-02-08T06:15:32.694Z info: download done
2021-02-08T06:20:41.621Z info: download done
2021-02-08T06:20:42.318Z info: download done
2021-02-08T06:21:18.147Z info: ::ffff:123.17.167.160 GET /get/CB93EIZ9ZXHB
2021-02-08T06:21:18.147Z info: getting download link...
2021-02-08T06:21:18.673Z info: https://download022.fshare.vn/dl/kygMidgmRP3GWFAZYxI3Kcor2su21nCUf2if4SPGMrDmLvc+C46T3joJqu9ITRs6dPnVsYTCswcFhMQx/WandaVision.S01E04.Episode.4.2021.1080p.DSNP.WEB-DL.DDP5.1.H.264-TOMMY%20%28Sub%20Viet%29.mkv
2021-02-08T06:21:21.056Z info: start download
2021-02-08T06:21:21.270Z info: download done
2021-02-08T06:21:21.761Z info: start download
2021-02-08T06:51:21.140Z info: download done
2021-02-08T06:52:37.558Z info: download done
2021-02-08T07:23:29.120Z info: start download
2021-02-08T09:20:30.421Z info: ::ffff:1.53.199.211 GET /get/EQAWHFFI1A3D
2021-02-08T09:20:30.424Z info: getting download link...
2021-02-08T09:20:41.030Z info: https://download034.fshare.vn/dl/LV8Q4ef1oujd8XlBUewQ2Sva6+lu23G-rcxCBUoOVN2+ggLMSkilnIFT6bIQRUEMrKDvBJ5m5k9210MW/2D.rar
2021-02-08T09:20:41.302Z info: shortenUrl: http://link1s.com/Grdu7E
2021-02-08T09:21:51.285Z error: download router: TypeError: Only absolute URLs are supported
2021-02-08T09:22:15.256Z info: ::ffff:14.186.110.62 GET /get/RBZSPXBH8DUZ
2021-02-08T09:22:15.256Z info: getting download link...
2021-02-08T09:22:15.855Z info: https://download031.fshare.vn/dl/r6QJ1e0-+P7fh8DszNz-s1U+-wTOr646ZIaReSXBG1vLceqoWLRAO4s2OHcijStiyM1Ov6+JIzPEzT24/Sai%20Gon%20in%20The%20Rain%202020.mkv
2021-02-08T09:22:16.053Z info: shortenUrl: http://link1s.com/l9Egmhu
2021-02-08T09:23:59.049Z error: download router: TypeError: Only absolute URLs are supported
2021-02-08T09:24:26.914Z error: download router: TypeError: Only absolute URLs are supported
2021-02-08T09:24:44.109Z error: download router: TypeError [ERR_INVALID_ARG_TYPE]: The first argument must be of type string or an instance of Buffer, ArrayBuffer, or Array or an Array-like Object. Received undefined
2021-02-08T09:24:52.049Z error: download router: TypeError: Only absolute URLs are supported
2021-02-08T09:25:24.275Z error: download router: TypeError: Only absolute URLs are supported
2021-02-08T09:25:39.298Z info: ::ffff:1.53.199.211 GET /get/EQAWHFFI1A3D
2021-02-08T09:25:39.298Z info: getting download link...
2021-02-08T09:25:39.960Z info: https://download034.fshare.vn/dl/Vuhvcg3gg5msrChYT+90DqsM0QEs21RrpOGjNTNxWRs3lthNj-Q0gDQ90-0LLtqqPioMWfQqURAkYu+f/2D.rar
2021-02-08T09:25:40.161Z info: shortenUrl: http://link1s.com/Grdu7E
2021-02-08T09:29:57.191Z error: download router: TypeError: Only absolute URLs are supported
2021-02-08T09:33:52.755Z info: ::ffff:117.5.155.109 GET /get/RB1XCMTY39SX
2021-02-08T09:33:52.758Z info: getting download link...
2021-02-08T09:33:53.297Z info: https://download032.fshare.vn/dl/gJfkh-9gSb4z6iqFZhBXXnWTeCqEsSzFJz1PYcZu+ZH769u00EmswABhbN0SYgdK3LBMRNKtJqJtbI2R/Avatar.The.Last.Airbender.S01E01.1080p.BluRay.REMUX.AVC.DTS-HD.MA.2.0-H72.mkv
2021-02-08T09:33:56.642Z info: start download
2021-02-08T09:34:00.384Z info: download done
2021-02-08T09:42:42.049Z info: ::ffff:14.228.68.196 GET /get/XCO32SIWS1DJ
2021-02-08T09:42:42.049Z info: getting download link...
2021-02-08T09:42:42.614Z info: https://download044.fshare.vn/dl/6d8KmHbDVOycaAOiLU5kBF4OHlc-DOTyUi39y6NVGdTuTMMshEAuZnlhugNSYV4+H2j0IubQiFkIg3E4/ABP-921.FHD.viet%20sub_sync%20dinhdong.mp4
2021-02-08T09:43:27.063Z info: start download
2021-02-08T09:43:31.401Z info: start download
2021-02-08T09:43:47.236Z info: ::ffff:1.53.199.211 GET /get/EQAWHFFI1A3D
2021-02-08T09:43:47.237Z info: getting download link...
2021-02-08T09:43:47.885Z info: https://download034.fshare.vn/dl/E538CS3ByJp0P8RmgRha8t-MomRBfPZC8huOg2iXG8WipnJqLyPK8xapmUnGbIyvZwUzZH9jJfvmlkRo/2D.rar
2021-02-08T09:43:52.528Z info: start download
2021-02-08T09:45:49.993Z info: start download
2021-02-08T09:46:03.582Z info: start download
2021-02-08T09:46:15.747Z info: start download
2021-02-08T09:46:18.451Z info: start download
2021-02-08T09:46:22.193Z info: ::ffff:42.114.22.80 GET /get/W2A1XEVWNA6O
2021-02-08T09:46:22.194Z info: getting download link...
2021-02-08T09:46:23.340Z info: download done
2021-02-08T09:46:33.110Z info: https://download014.fshare.vn/dl/ko6qubdb7uL5gaMvjk-PVhBnY5MBvSGPLo+ZTwvPPRUKgfWBHuPshsvA6AoEEUcvgwr+M9Nzq86-6gxo/DVD%20HUONG%20DAN%20LAM%20PHIM%20KIEN%20TRUC%20BANG%20LUMION%203D.iso
2021-02-08T09:46:36.308Z info: start download
2021-02-08T09:46:50.375Z info: start download
2021-02-08T09:46:50.531Z info: download done
2021-02-08T09:46:50.982Z info: start download
2021-02-08T09:46:51.064Z info: download done
2021-02-08T09:47:03.726Z info: start download
2021-02-08T09:47:23.159Z info: download done
2021-02-08T09:48:15.468Z info: download done
2021-02-08T09:53:25.511Z info: ::ffff:42.114.22.80 GET /get/2AWG9PH2KEXB
2021-02-08T09:53:25.514Z info: getting download link...
2021-02-08T09:53:26.093Z info: https://download014.fshare.vn/dl/ZOAPvDFMP-YtmhzTEgQLIxQBMXCqxfguH5Juxv3hD-K28DWqWZOtJ2ZrubyxcgOw5z7bwNvBmy4rdUUo/%5BFullCrck.vn%5DBndicm_4.4.3.1557_Full_Crck.rar
2021-02-08T09:53:30.467Z info: start download
2021-02-08T09:53:30.699Z info: download done
2021-02-08T09:53:31.096Z info: start download
2021-02-08T09:53:31.209Z info: download done
2021-02-08T09:53:48.285Z info: start download
2021-02-08T09:54:12.918Z info: download done
2021-02-08T09:59:11.009Z info: ::ffff:115.75.191.204 GET /get/ZXHBSSASWWKT
2021-02-08T09:59:11.012Z info: getting download link...
2021-02-08T09:59:12.429Z info: https://download027.fshare.vn/dl/nJt-Y7KG3-SWmovZ2k7b3J+7V1EXRTVQnWJHbqnKVNPxFb03X4eVhaWQR9dfTGdOwA6EcEMmW0UvQ-x0/Tro%CC%A3n%20b%C3%B4%CC%A3%20ky%CC%83%20thu%C3%A2%CC%A3t%20l%C3%A2%CC%A3p%20ki%C3%AA%CC%89m%20tra%20va%CC%80%20ph%C3%A2n%20ti%CC%81ch%20Ba%CC%81o%20ca%CC%81o%20ta%CC%80i%20chi%CC%81nh.rar
2021-02-08T09:59:27.281Z info: start download
2021-02-08T09:59:29.297Z info: download done
2021-02-08T10:01:20.433Z info: ::ffff:171.232.74.178 GET /get/VXPGUPQ8PKG8KXO
2021-02-08T10:01:20.436Z info: getting download link...
2021-02-08T10:01:21.050Z info: https://download005.fshare.vn/dl/-j2-MOf699TF2SC9Df4IkViL11gP6SnjdLf8Xe7KZeHYAKrLDgztXMDILLCOYjAZ5+LD9H3BNg9-IQPA/%5BEdumall%5D%20-%20Guitar%20%C4%90%E1%BB%87m%20H%C3%A1t%20Trong%2030%20Ng%C3%A0y.rar
2021-02-08T10:01:25.983Z info: start download
2021-02-08T10:01:26.608Z info: start download
2021-02-08T10:02:39.763Z info: download done
2021-02-08T10:02:47.955Z info: download done
2021-02-08T10:03:06.387Z info: download done
2021-02-08T10:06:17.785Z info: download done
2021-02-08T10:08:59.201Z info: download done
2021-02-08T10:10:29.655Z info: download done
2021-02-08T10:11:49.206Z info: download done
2021-02-08T10:12:05.436Z info: ::ffff:183.81.46.15 GET /get/PH3LJNBESHR5
2021-02-08T10:12:05.436Z info: getting download link...
2021-02-08T10:12:05.997Z info: https://download033.fshare.vn/dl/NJ7l5LFLkqnDXlblIG5hekIK3tVbwc4NFIq65lpJJLWRgR5NWqMG4Grv8+RtLxiZ+QfY8k0hdzc7ceg2/Eri%20Hosaka%20SMBD-117.mp4
2021-02-08T10:12:09.933Z info: start download
2021-02-08T10:12:12.322Z info: start download
2021-02-08T10:13:34.988Z info: ::ffff:183.81.46.15 GET /get/LRQ43SIUGEEK
2021-02-08T10:13:34.991Z info: getting download link...
2021-02-08T10:13:35.580Z info: https://download015.fshare.vn/dl/NHZdawFQ4ff++0q+fF8+g0FjDppmfNUryivb+I51RLZw4EEFyn1NgIfK1cz-3siYCsWLckecKABsbcid/Caribbeancom%20040315-845%20vietsub.mkv
2021-02-08T10:13:38.304Z info: start download
2021-02-08T10:13:38.378Z info: download done
2021-02-08T10:13:38.751Z info: start download
2021-02-08T10:17:51.123Z info: download done
2021-02-08T10:21:20.706Z info: download done
2021-02-08T10:28:15.762Z info: download done
2021-02-08T10:28:28.414Z info: ::ffff:183.81.46.15 GET /get/YMYN5HORGOSO
2021-02-08T10:28:28.417Z info: getting download link...
2021-02-08T10:28:28.949Z info: https://download009.fshare.vn/dl/uoW1Pb2d1iulL-LYNSW7xHVSUADOgK0GXYLfJ9PEVPom1aXAoety0X-7j8h8L15fGjKex7IpsO73vXuK/CWPBD-121.mp4
2021-02-08T10:28:31.623Z info: start download
2021-02-08T10:28:31.703Z info: download done
2021-02-08T10:28:32.062Z info: start download
2021-02-08T10:31:18.133Z info: ::ffff:183.81.46.15 GET /get/RW147DXEW4HV
2021-02-08T10:31:18.136Z info: getting download link...
2021-02-08T10:31:28.813Z info: https://download037.fshare.vn/dl/8l4C7oPxn6UlmIeWi7m5zpUzft2amTF7jZ5rUbRybI-BVNZG35EwIrsdl-u1EHiUQ6mu6asGccPIbaCQ/MKBD-S112.mp4
2021-02-08T10:31:31.928Z info: start download
2021-02-08T10:31:32.013Z info: download done
2021-02-08T10:31:32.360Z info: start download
2021-02-08T10:43:23.810Z info: download done
2021-02-08T10:56:28.947Z info: download done
2021-02-08T10:57:52.199Z info: start download
2021-02-08T10:57:53.738Z info: download done
2021-02-08T10:57:54.122Z info: start download
2021-02-08T11:00:42.720Z info: download done
2021-02-08T11:18:49.997Z info: download done
2021-02-08T11:38:19.025Z info: ::ffff:14.243.140.250 GET /get/TPWKDBZHXT
2021-02-08T11:38:19.026Z info: getting download link...
2021-02-08T11:38:19.693Z info: https://download023.fshare.vn/dl/pWpj4Qy3Jf-Di5zi0wvzxuW4f+ALcwrgY--X4NNkBYLCpx++J6kEXT4E21wxxVlCvv9gdPDUaODfaXVi/119%20Gia%20Dinh%20La%20So%201%20%282006%29%20DVDRip%20%28Phan%201%29%20Thuyet%20Minh.avi
2021-02-08T11:38:50.763Z info: start download
2021-02-08T11:38:50.809Z info: download done
2021-02-08T11:38:54.164Z info: start download
2021-02-08T11:38:54.210Z info: download done
2021-02-08T11:38:56.564Z info: start download
2021-02-08T11:39:26.526Z info: download done
2021-02-08T11:39:27.428Z info: start download
2021-02-08T11:40:19.830Z info: ::ffff:14.243.140.250 GET /get/T9D1ZXP21T
2021-02-08T11:40:19.833Z info: getting download link...
2021-02-08T11:40:20.441Z info: https://download008.fshare.vn/dl/GDzdHO1xF2wX3N9z4ppOei4kthwP2G3Dqe3b5taxRmeC0-lfwkEwKRYiSR4lUveBikVlGk91nfmmdon8/120%20Gia%20Dinh%20La%20So%201%20%282006%29%20DVDRip%20%28Phan%201%29%20Thuyet%20Minh.avi
2021-02-08T11:40:26.492Z info: start download
2021-02-08T11:40:27.261Z info: download done
2021-02-08T11:40:27.672Z info: start download
2021-02-08T11:41:21.011Z info: download done
2021-02-08T11:42:11.875Z info: download done
2021-02-08T11:44:12.559Z info: ::ffff:183.81.46.15 GET /get/5QZFWZYLSY4F
2021-02-08T11:44:12.559Z info: getting download link...
2021-02-08T11:44:13.241Z info: https://download033.fshare.vn/dl/Yd7UynOiPjWNvh-Es5pt0KUMqBnP8F32sUDzom48N61j27xrV3t+AS1tnmt5ZT0BfVJoyZ-d46lH8qQ1/SMBD-117.mp4
2021-02-08T11:44:16.504Z info: start download
2021-02-08T11:44:16.592Z info: download done
2021-02-08T11:44:16.939Z info: start download
2021-02-08T11:53:52.308Z info: ::ffff:115.76.232.135 GET /get/YEREDEKGBYJJ
2021-02-08T11:53:52.312Z info: getting download link...
2021-02-08T11:53:53.021Z info: https://download003.fshare.vn/dl/lG9mua6DqS62owop402V7VoY2IVA1qNMGcoo9d9qNbILVnkBomOWycdtmb4pimj8eubPjgt7nE1mYMV9/The.Cure.2020.ViE.1080p.AMZN.WEB-DL.DDP2.0.H.264-NTG%20%20%28Thuyet%20Minh%29.mkv
2021-02-08T11:54:09.313Z info: start download
2021-02-08T11:56:30.620Z info: ::ffff:42.114.15.66 GET /get/VCUXVDVZ6HPVXSW
2021-02-08T11:56:30.623Z info: getting download link...
2021-02-08T11:56:31.311Z info: https://download007.fshare.vn/dl/v1gg7bwhHLdvxGBnd-taFVRllvq8dgvgMOF9w4xIOF5Glj7OlVRvCFLrgrYFJ2Drkh7rvnuMJXFXlQ7J/Mr.Queen.S01E01.ViE.1080p.WEB-DL.H264.AAC-AppleTor%281%29.mkv
2021-02-08T11:56:36.403Z info: start download
2021-02-08T11:56:39.288Z info: download done
2021-02-08T11:56:39.679Z info: start download
2021-02-08T11:59:25.256Z info: ::ffff:113.22.171.207 GET /get/SY5K5PUXRSD7
2021-02-08T11:59:25.261Z info: getting download link...
2021-02-08T11:59:28.881Z info: https://download047.fshare.vn/dl/GRr2CBCAFJWhr7UKH8Gw3RFBYuBAPnmBv-U23LFVLpCJ1TVaBj3l4JzbgOkG7u2FC4jdqbluoQBPt8s8/Album%20chon%20loc%2011.zip
2021-02-08T11:59:34.520Z info: start download
2021-02-08T12:01:13.218Z info: download done
2021-02-08T12:01:57.101Z info: download done
2021-02-08T12:09:53.786Z info: download done
2021-02-08T12:11:54.190Z info: download done
2021-02-08T12:12:45.118Z info: ::ffff:123.17.167.160 GET /get/73NO9WIL7WOF
2021-02-08T12:12:45.118Z info: getting download link...
2021-02-08T12:12:45.723Z info: https://download003.fshare.vn/dl/QWi-NQykx61SquOtqnkeaxtf4dW3qvM6ipq3jnyJYN0Rp1S3RUlNsE7il0-zbv6Z7Lym6mPxaO0jtUr-/STAR-598.rar
2021-02-08T12:12:48.032Z info: start download
2021-02-08T12:12:48.148Z info: download done
2021-02-08T12:12:48.665Z info: start download
2021-02-08T12:19:11.792Z info: ::ffff:42.118.53.116 GET /get/5TE8QP2VXSUM
2021-02-08T12:19:11.796Z info: getting download link...
2021-02-08T12:19:12.145Z error: get-download-link service, link err: FetchError: invalid json response body at https://www.fshare.vn/download/get reason: Unexpected token < in JSON at position 3
2021-02-08T12:19:12.147Z info: logging out
2021-02-08T12:19:12.386Z info: redirect link: https://www.fshare.vn/site/login
2021-02-08T12:19:12.619Z info: status: 200
2021-02-08T12:19:12.619Z info: logging in with different account...
2021-02-08T12:19:12.620Z info: getting token and cookie...
2021-02-08T12:19:12.864Z info: 80EdsQ-mSdW6KNfXn2mCNKJwptBQXP4MshyQNfHdARXeLyXfeMB_k_Zy4OXQHrNjzRjImGg2tU32bthXoJtbIw==
fshare-app=9pp43vhg82q282429js3o7g0hf
2021-02-08T12:19:12.864Z info: logging in ...
2021-02-08T12:19:17.528Z info: status: 302
2021-02-08T12:19:17.528Z info: redirect link: https://www.fshare.vn/
2021-02-08T12:19:17.762Z info: status: 302
2021-02-08T12:19:17.763Z info: redirect link: https://www.fshare.vn/file/manager
2021-02-08T12:19:18.218Z info: status: 200
2021-02-08T12:19:18.221Z info: getting download link...
2021-02-08T12:19:29.432Z info: https://download023.fshare.vn/dl/oO8aIM2IrvIVPY5PC+D6XPsRKN7Z+DVXKYaOtEy8bG6exHufC-pNhMMlw0TVIJp7jZnOk7vZGMDR-ypN/thuthuat.dianguc.info-FIFA_2010.rar
2021-02-08T12:19:45.909Z info: start download
2021-02-08T12:21:41.012Z info: download done
2021-02-08T12:24:44.599Z info: ::ffff:1.53.199.211 GET /get/RKBJGFHVOGX3
2021-02-08T12:24:44.603Z info: getting download link...
2021-02-08T12:24:45.223Z info: https://download042.fshare.vn/dl/mmQ6EYmC+pYmJMVAWOfzaxqPEYRnxiSYrCqKC3CSp3WBneEEItKHlZKADTGlRsh7+Lwjg6TotZVos0Pz/Kh%C3%B3a%20H%E1%BB%8Dc%20Flow%20Design.rar
2021-02-08T12:27:22.253Z info: ::ffff:27.73.125.143 GET /get/VHHQX6UFAT4Q
2021-02-08T12:27:22.255Z info: getting download link...
2021-02-08T12:27:33.338Z info: https://download037.fshare.vn/dl/innCTTbnFJcitZiUKi-EhuhYoHvmcCFIx52mmQ7YE1zVFTtwo7ISXCAJJkeRuLT9AstgCYSV0k1nZEVN/Wonder.Woman.1984.2020.720p.AMZN.WEB-DL.DDP5.1.H.264-NTG%20-%20Sub%20Viet%20Mux%20San.mkv
2021-02-08T12:27:38.432Z info: start download
2021-02-08T12:27:38.620Z info: download done
2021-02-08T12:27:38.996Z info: start download
2021-02-08T12:28:50.922Z info: start download
2021-02-08T12:30:04.233Z info: ::ffff:14.184.69.7 GET /get/6E7JS3SIUGHR
2021-02-08T12:30:04.236Z info: getting download link...
2021-02-08T12:30:04.923Z info: https://download024.fshare.vn/dl/Bam48Zkzdfpyc0U2ggW4CB4Ok4KGurq2G0jxhi3gSCdvHtAM4KbsSAc4TKIDJiPzIriwyiWMcxH4GIsW/Adobe%20Premiere%20Pro%20CS6%206.0.0%20Mac%20Os%20X.zip
2021-02-08T12:30:08.913Z info: start download
2021-02-08T12:30:35.052Z info: download done
2021-02-08T12:31:21.631Z info: download done
2021-02-08T12:35:13.951Z info: ::ffff:58.187.162.31 GET /get/XEYEQAWF69HE
2021-02-08T12:35:13.955Z info: getting download link...
2021-02-08T12:35:24.596Z info: https://download042.fshare.vn/dl/SzxF4LqWf4WxHMPxGL31BMUj0V73gnKsXtUFYdmwN1wntDTDYpu43mpz5pBjruVCRSQnGKA7p187A8bQ/Anna.2019.ViE.1080p.WEB-DL.DD5.1.H264-FGT.mkv
2021-02-08T12:35:43.918Z info: start download
2021-02-08T12:35:44.010Z info: download done
2021-02-08T12:35:44.375Z info: start download
2021-02-08T12:39:50.120Z info: ::ffff:218.212.47.208 GET /get/OCDKHHPRIXWI
2021-02-08T12:39:50.123Z info: getting download link...
2021-02-08T12:39:50.780Z info: https://download004.fshare.vn/dl/lLHS2rdagiphwdlw0+6ZjOemzkV59LRAkUmgIjtACxfkUla38oXRLfrJEyyqsx2wLGl2Oqd+XcuQD0gA/Microsoft%20Office%202016%20for%20Mac%20v16.16.21.zip
2021-02-08T12:40:02.137Z info: start download
2021-02-08T12:42:20.826Z info: download done
2021-02-08T12:43:21.245Z info: ::ffff:1.53.199.211 GET /get/9HFFJ86VOG1H
2021-02-08T12:43:21.248Z info: getting download link...
2021-02-08T12:43:32.161Z info: https://download016.fshare.vn/dl/j6M7YTs664ZpKrRbBB6Ucqa91rs-mTE5jtZa6DrpaRQgWqg+ROmoU9CgEGLMJja25ihe2npFVshXvmeU/gi%C3%A1o%20tr%C3%ACnh%20d%E1%BA%A1y%20v%E1%BA%BD.rar
2021-02-08T12:43:38.545Z info: start download
2021-02-08T12:44:40.039Z info: download done
2021-02-08T12:47:37.996Z info: ::ffff:27.76.248.232 GET /get/42MRMLSY8XOC
2021-02-08T12:47:37.999Z info: getting download link...
2021-02-08T12:47:38.615Z info: https://download012.fshare.vn/dl/D00KHMWKyytGg273nOKUcFNo02qSIYLMBoZod8LDjrxOo6s+Nn8sUHghV7G0t71vm2StYxsPvSDK85FG/Tom%20and%20Jerry%20-%20Meet%20Sherlock%20Holmes%20%282010%29.mp4
2021-02-08T12:47:43.971Z info: start download
2021-02-08T12:48:20.194Z info: ::ffff:218.212.47.208 GET /get/OCDKHHPRIXWI
2021-02-08T12:48:20.197Z info: getting download link...
2021-02-08T12:48:25.157Z info: ::ffff:218.212.47.208 GET /get/3X6S7BQFLJK1
2021-02-08T12:48:25.157Z info: getting download link...
2021-02-08T12:48:30.883Z info: https://download004.fshare.vn/dl/JN9KWnmBwRMY2jNlfe2O13JBhlsPBxEwEhfXJurRXAaMqiXh-RsMfKBmUaMs8fntHVP-BewwqD6X85dd/Microsoft%20Office%202016%20for%20Mac%20v16.16.21.zip
2021-02-08T12:48:36.070Z info: https://download044.fshare.vn/dl/uX8jw7HkaflHx3CBPL6zMxkF2FCIMSBp3cyxupYiJ0mPGnVdF+d7QeYzGxzyPuziElEjHQOn++9e0BcS/Adguard%202.5.1.928%20release.dmg
2021-02-08T12:49:48.015Z info: ::ffff:14.243.140.250 GET /get/TAD1MP81XT
2021-02-08T12:49:48.017Z info: getting download link...
2021-02-08T12:49:58.869Z info: https://download019.fshare.vn/dl/FAr87vABKvtQuxK9fpWQpzAw8oB6jL7LBYJrEedCNbsiDJlCXOLi5utFMLbEE+Crh2QEnDjM6BacTJG7/146%20Gia%20Dinh%20La%20So%201%20%282006%29%20DVDRip%20%28Phan%201%29%20Thuyet%20Minh.avi
2021-02-08T12:50:04.826Z info: start download
2021-02-08T12:50:05.587Z info: start download
2021-02-08T12:50:07.048Z info: download done
2021-02-08T12:50:07.650Z info: start download
2021-02-08T12:50:11.427Z info: download done
2021-02-08T12:50:56.717Z info: ::ffff:14.243.140.250 GET /get/TKPJTHSHJT
2021-02-08T12:50:56.720Z info: getting download link...
2021-02-08T12:50:57.356Z info: https://download022.fshare.vn/dl/dRZR0-vFWZomsle5ANdOaefKCg5rFrFF8K1w9mQFH1fWCUu2KIOt+orCqs1jiaEtFp-vELioexQF1E0p/147%20Gia%20Dinh%20La%20So%201%20%282006%29%20DVDRip%20%28Phan%201%29%20Thuyet%20Minh.avi
2021-02-08T12:52:10.923Z info: download done
2021-02-08T12:53:41.659Z info: start download
2021-02-08T12:53:42.096Z info: download done
2021-02-08T12:53:42.688Z info: start download
2021-02-08T12:56:28.199Z info: download done
2021-02-08T12:57:47.543Z info: download done
2021-02-08T12:59:24.777Z info: download done
2021-02-08T13:02:27.053Z info: ::ffff:1.53.199.211 GET /get/GXYUZ8UCV3I3
2021-02-08T13:02:27.053Z info: getting download link...
2021-02-08T13:02:37.723Z info: https://download038.fshare.vn/dl/6XmSwNL4vdxmV31aw-+YL6KeuymsJx+5TpQ-IfLHeVs0Hvxtct1hqyXrye1p5DvjvOdJdTxXy8vjqwdR/T%E1%BB%95ng%20h%E1%BB%A3p%20Ebook%20designer%202018%20b%E1%BB%99%201.zip
2021-02-08T13:03:09.350Z info: start download
2021-02-08T13:03:54.943Z info: ::ffff:14.243.140.250 GET /get/TSA7S2QZXT
2021-02-08T13:03:54.945Z info: getting download link...
2021-02-08T13:03:55.595Z info: https://download003.fshare.vn/dl/sBovqGTKNiFwiV84fapXQpZqpGgJWJ6w+CKo6N5HUc-8-rjmYWk5IRlki98PyTXf1awjLjOhngfjF6W1/148%20Gia%20Dinh%20La%20So%201%20%282006%29%20DVDRip%20%28Phan%201%29%20Thuyet%20Minh.avi
2021-02-08T13:04:07.786Z info: start download
2021-02-08T13:04:08.247Z info: download done
2021-02-08T13:04:08.575Z info: start download
2021-02-08T13:05:16.230Z info: download done
2021-02-08T13:05:26.759Z info: start download
2021-02-08T13:05:27.022Z info: download done
2021-02-08T13:09:34.347Z info: ::ffff:113.22.115.203 GET /get/HPSNKKVHFFLHAQJ
2021-02-08T13:09:34.350Z info: getting download link...
2021-02-08T13:09:34.990Z info: https://download008.fshare.vn/dl/VneheGb+CN889j5-Wbxx0TkWX2sZcMFIkj5N17Vm+VOz9jPtc2ofLVNnKkoBCflt5DiV4EVGW48mHL5Q/SSNI-542.mp4
2021-02-08T13:09:38.275Z info: start download
2021-02-08T13:13:22.612Z info: download done
2021-02-08T13:13:23.025Z info: ::ffff:113.22.115.203 GET /get/2DGUL7VM5LCJ
2021-02-08T13:13:23.025Z info: getting download link...
2021-02-08T13:13:23.643Z info: https://download012.fshare.vn/dl/dlCzHlMmxZP9zIljyEWBhaymIIK1n4Irt01fZM5lDCzxFiK2Q7ZjxbWJEit+2WCaxJgBdqiAugmGy0eL/Creamy_Sun_Presets.zip
2021-02-08T13:13:26.535Z info: start download
2021-02-08T13:13:34.610Z info: download done
2021-02-08T13:13:58.262Z info: ::ffff:14.243.140.250 GET /get/TW8AZ4B0QT
2021-02-08T13:13:58.266Z info: getting download link...
2021-02-08T13:13:58.893Z info: https://download003.fshare.vn/dl/M8CCzk-YXiXbp2b8SiVNY9hSyA14Q6C571KicJygYJ-DdCiKl2lVWven+D6bx4ZFeUv1jm5c41lFe1+R/149%20Gia%20Dinh%20La%20So%201%20%282006%29%20DVDRip%20%28Phan%201%29%20Thuyet%20Minh.avi
2021-02-08T13:14:03.654Z info: start download
2021-02-08T13:14:04.131Z info: download done
2021-02-08T13:14:04.379Z info: start download
2021-02-08T13:15:24.239Z info: download done
2021-02-08T13:16:40.499Z info: start download
2021-02-08T13:16:44.136Z info: download done
2021-02-08T13:17:35.527Z info: ::ffff:113.22.115.203 GET /get/5MIBSR9M6MCMT1C
2021-02-08T13:17:35.530Z info: getting download link...
2021-02-08T13:17:36.180Z info: https://download005.fshare.vn/dl/Nd9F4Oxgdl6fXLrdpbjVPqRVO0o9RZy7lbXGUlVVnN40HSJje8rl2hzBGurwAGGZTfPXNIw9udjFI2lr/SSNI-301%20B%E1%BA%AFt%20c%C3%B3c%20hi%E1%BA%BFp%20d%C3%A2m%20thi%C3%AAn%20th%E1%BA%A7n%20Yua%20Mikami%20vietsub.mp4
2021-02-08T13:17:39.614Z info: start download
2021-02-08T13:21:49.715Z info: ::ffff:14.243.140.250 GET /get/TTDKKD2K7T
2021-02-08T13:21:49.718Z info: getting download link...
2021-02-08T13:21:50.447Z info: https://download002.fshare.vn/dl/adWm9v3vPZUgFCX12e6q3bt-JFfSvyLYU8mKZ3Fsa--hmu5Kz9NFEFcwLNwjI3gc0T7wHUoefnDiFgP0/150%20Gia%20Dinh%20La%20So%201%20%282006%29%20DVDRip%20%28Phan%201%29%20Thuyet%20Minh.avi
2021-02-08T13:21:53.770Z info: start download
2021-02-08T13:21:54.207Z info: download done
2021-02-08T13:21:54.461Z info: start download
2021-02-08T13:22:39.027Z info: ::ffff:14.243.140.250 GET /get/TQH9GVWGVT
2021-02-08T13:22:39.030Z info: getting download link...
2021-02-08T13:22:39.678Z info: https://download011.fshare.vn/dl/3OG5wtKbGK2CF-x2Bi37inz8IIstTysKofw2RZJ5d1Hbk22MJD+iUzyn9htWAtAaxb5EQSKKwPtiOudR/151%20Gia%20Dinh%20La%20So%201%20%282006%29%20DVDRip%20%28Phan%201%29%20Thuyet%20Minh.avi
2021-02-08T13:22:44.997Z info: start download
2021-02-08T13:22:45.276Z info: download done
2021-02-08T13:22:45.664Z info: start download
2021-02-08T13:24:33.049Z info: download done
2021-02-08T13:25:25.062Z info: start download
2021-02-08T13:25:25.305Z info: download done
2021-02-08T13:25:52.370Z info: start download
2021-02-08T13:25:52.505Z info: download done
2021-02-08T13:26:13.497Z info: start download
2021-02-08T13:26:13.944Z info: download done
2021-02-08T13:26:19.038Z info: start download
2021-02-08T13:32:20.766Z info: ::ffff:1.53.199.211 GET /get/PW6R666Z9YRP
2021-02-08T13:32:20.769Z info: getting download link...
2021-02-08T13:32:21.413Z info: https://download036.fshare.vn/dl/ORhvMB17C0Su9U71ugrMEYDXphKRlBYRDWKtRUEDzvdevCOri48YKMN8breCgiPgOK9b9c434wh9AWrZ/%5Bcnttqn.com%5D%20T%E1%BA%B6NG%20B%E1%BB%98%20T%C3%80I%20LI%E1%BB%86U%20KH%E1%BB%A6NG%20.rar
2021-02-08T13:32:49.179Z info: ::ffff:42.118.79.10 GET /get/BETONXHBV6WQ
2021-02-08T13:32:49.183Z info: getting download link...
2021-02-08T13:32:49.860Z info: https://download011.fshare.vn/dl/qfBPyae2LWyx2xYWqcGl3yAY8cYk9IgVTJwA9FiOenZUQmP7HYk6a96rfbB1pWZq0j3PETNrFvmZ5plh/CleanMyMac%20X%204.4.7.dmg
2021-02-08T13:33:04.202Z info: start download
2021-02-08T13:33:12.916Z info: download done
2021-02-08T13:34:51.985Z info: start download
2021-02-08T13:35:23.519Z info: download done
2021-02-08T13:35:32.927Z info: download done
2021-02-08T13:35:49.832Z info: start download
2021-02-08T13:36:08.540Z info: download done
2021-02-08T13:36:15.450Z info: start download
2021-02-08T13:36:20.338Z info: ::ffff:14.243.140.250 GET /get/TGBG2X592T
2021-02-08T13:36:20.338Z info: getting download link...
2021-02-08T13:36:20.993Z info: https://download003.fshare.vn/dl/m9I+OuE0Fb58fN8f4P2N56eCH4NTQRzsdeW9j24cBoNXsWygf7JRZl8S3bUZIMEpPSq79iSL4Z1qdkst/152%20Gia%20Dinh%20La%20So%201%20%282006%29%20DVDRip%20%28Phan%201%29%20Thuyet%20Minh.avi
2021-02-08T13:36:31.206Z info: start download
2021-02-08T13:36:31.631Z info: download done
2021-02-08T13:36:31.993Z info: start download
2021-02-08T13:36:33.964Z info: download done
2021-02-08T13:36:58.362Z info: ::ffff:14.243.140.250 GET /get/TA956FCGTT
2021-02-08T13:36:58.365Z info: getting download link...
2021-02-08T13:37:09.063Z info: https://download023.fshare.vn/dl/rlfxnhw9mZye7t+VBjdSJV6NPEWf7l9UxuTgEm0UJR35l6w78k471Z+u+C1hyN2rsdqujDxELp37oweW/153%20Gia%20Dinh%20La%20So%201%20%282006%29%20DVDRip%20%28Phan%201%29%20Thuyet%20Minh.avi
2021-02-08T13:37:15.624Z info: start download
2021-02-08T13:37:15.996Z info: download done
2021-02-08T13:37:16.353Z info: start download
2021-02-08T13:37:51.200Z info: download done
2021-02-08T13:40:49.335Z info: download done
2021-02-08T13:45:47.669Z info: ::ffff:115.76.232.135 GET /get/PXA985OP9T3O
2021-02-08T13:45:47.674Z info: getting download link...
2021-02-08T13:45:48.361Z info: https://download043.fshare.vn/dl/z-9O3ytid0kPhVz8Y3oBD8nY21qOK1rn+OjzhNin1AM5HsPfa3vjWpWGNcbRxeOHAMlaDdyTkcDQ7u9T/Attack.on.Titan.%28Shingeki.no.Kyojin%29.The.Final%20Season.E09.1080p.WEB-DL.ACC2.0.x264.mkv
2021-02-08T13:45:59.088Z info: start download
2021-02-08T13:49:04.807Z info: download done
2021-02-08T13:49:04.813Z info: download done
2021-02-08T13:49:04.813Z info: download done
2021-02-08T13:50:17.149Z info: download done
2021-02-08T13:52:22.132Z info: download done
2021-02-08T13:52:37.565Z info: ::ffff:122.133.67.61 GET /get/52JAIGGLG4Y7
2021-02-08T13:52:37.565Z info: getting download link...
2021-02-08T13:52:38.236Z info: https://download042.fshare.vn/dl/9RbQ7HI9sc+sHstbsnIM6zW3V9bGsqiSZ8zMrp62r-PNc-JQRFufiDQsYizxWy8bGIjVYFK5Uk3IFEZC/Osmanische.avi
2021-02-08T13:52:43.976Z info: start download
2021-02-08T13:52:44.164Z info: download done
2021-02-08T13:52:44.574Z info: start download
2021-02-08T13:55:27.189Z info: start download
2021-02-08T14:01:53.690Z info: download done
2021-02-08T14:02:00.868Z info: start download
2021-02-08T14:02:02.389Z info: download done
2021-02-08T14:02:02.799Z info: start download
2021-02-08T14:05:00.644Z info: ::ffff:1.53.199.211 GET /get/VJS1I62GTK3GQ1N
2021-02-08T14:05:00.647Z info: getting download link...
2021-02-08T14:05:01.293Z info: https://download031.fshare.vn/dl/n1vU1qgw5IIaauSjczovcXNSBvcrYaxMhu-RPbpJMMcFZ1ocv3hMoNDTJlbZmV3Pl--oJZrOpwXdB5Lw/Kung.Fu.Yoga.2017.ViE.1080p.WEB-DL.x264.AAC-HQC.mkv
2021-02-08T14:11:27.635Z info: download done
2021-02-08T14:18:26.692Z info: download done
2021-02-08T14:26:20.295Z info: ::ffff:218.212.47.208 GET /get/3X6S7BQFLJK1
2021-02-08T14:26:20.295Z info: getting download link...
2021-02-08T14:26:21.005Z info: https://download044.fshare.vn/dl/pJBrnArn5PkGchYiilnR6POmYw+sOLfNyIusEmHwNLdKFrJXx9M1wUlJcTh2lFtHqtQa2eNfbU7cY2g-/Adguard%202.5.1.928%20release.dmg
2021-02-08T14:26:49.522Z info: ::ffff:218.212.47.208 GET /get/N1XCLPJ9F3TN
2021-02-08T14:26:49.522Z info: getting download link...
2021-02-08T14:26:50.198Z info: https://download016.fshare.vn/dl/wOXUVEMp3kF5Ec9sdYuOuBAVmuJteFQjFUBu-8mgO2JWuLAv6+3DZ3Jx7bl8AxdG+0zttVn-JKAPCmgo/Microsoft%20Office%202016%20v15.29.0.zip
2021-02-08T14:26:59.946Z info: start download
2021-02-08T14:27:37.670Z info: ::ffff:1.52.202.188 GET /get/TOO2ZIAM11QB
2021-02-08T14:27:37.674Z info: getting download link...
2021-02-08T14:27:38.433Z info: https://download039.fshare.vn/dl/AYMWxXQRpqiJUAa4uPDHDklyHbY1WDp8AxqXDx2vzaCUIT7M8QbdXrLvAf7aSd3GYEz3hoByWAmV7L4y/Mr.And.Mrs.Incredible.2011.1080p.NF.WEB-DL.DDP5.1.x264-quypham_TTG.mkv
2021-02-08T14:27:52.918Z info: start download
2021-02-08T14:28:03.615Z info: start download
2021-02-08T14:28:16.348Z info: download done
2021-02-08T14:28:17.804Z info: start download
2021-02-08T14:28:41.125Z info: ::ffff:1.53.199.211 GET /get/SEB3ASY4EFNR
2021-02-08T14:28:41.129Z info: getting download link...
2021-02-08T14:28:41.837Z info: https://download004.fshare.vn/dl/Gbpkn7knWGyITJ1jKyyYYy6XltnFi-yNXNJtJgbUh3kmY-o4DRiuXfmxydqK5zZsAZS7hVgDIqbyDbdy/%5Bhtnh%5DLoVoThieuLam01.mkv
2021-02-08T14:28:49.556Z info: start download
2021-02-08T14:28:52.097Z info: download done
2021-02-08T14:28:54.034Z info: download done
2021-02-08T14:29:04.407Z info: start download
2021-02-08T14:29:15.684Z info: download done
2021-02-08T14:29:22.923Z info: start download
2021-02-08T14:29:23.077Z info: download done
2021-02-08T14:29:23.424Z info: start download
2021-02-08T14:29:45.978Z info: download done
2021-02-08T14:30:23.140Z info: download done
2021-02-08T14:30:48.571Z info: start download
2021-02-08T14:30:48.678Z info: download done
2021-02-08T14:30:52.742Z info: start download
2021-02-08T14:30:55.983Z info: download done
2021-02-08T14:31:06.407Z info: download done
2021-02-08T14:31:20.471Z info: ::ffff:1.52.202.188 GET /get/1GX38PJDYIAL
2021-02-08T14:31:20.472Z info: getting download link...
2021-02-08T14:31:21.182Z info: https://download009.fshare.vn/dl/e9DZsMezq7C8vWY89FoBNjpXmUbKp2Pu+vIPAzKZU6VlzpwSPSJe0Ff4PJw2KsC5TEgbN59XpT-H+CxF/Lucky.Star.2015.2015.1080p.NF.WEB-DL.DDP2.0.x264-quypham_TTG.mkv
2021-02-08T14:31:31.642Z info: start download
2021-02-08T14:37:53.624Z info: download done
2021-02-08T14:38:18.661Z info: ::ffff:34.73.174.64 GET /get/3HWU8DTR4ZFSGOO
2021-02-08T14:38:18.661Z info: getting download link...
2021-02-08T14:38:19.401Z info: https://download035.fshare.vn/dl/CRwmprBCW7IpIsHntSDPHkCz+aKPbwCtbiEMZE1ZLvrvjU2YxMqyXbZE8OUtMCSylbXiB+pUfljDj4Uk/Haunt.2019.1080p.WEB-DL.DD5.1.H264-FGT.mkv
2021-02-08T14:38:27.442Z info: start download
2021-02-08T14:51:48.402Z info: download done
2021-02-08T14:57:57.930Z info: ::ffff:122.133.67.61 GET /get/YKNBCIBN6JWO
2021-02-08T14:57:57.930Z info: getting download link...
2021-02-08T14:57:58.598Z info: https://download014.fshare.vn/dl/K9nL7DQKAnW4ea9qwKB-UwmpNMxBtCIk0lzCP7B9z0YfENIr5GBuT8AbEbLeAsTHcP3o-rgtw7l92a6l/383.WOW.rar
2021-02-08T14:58:02.424Z info: start download
2021-02-08T14:58:03.018Z info: start download
2021-02-08T15:09:20.168Z info: ::ffff:59.153.246.160 GET /get/XYSQ565WT8BN1V3
2021-02-08T15:09:20.170Z info: getting download link...
2021-02-08T15:09:28.159Z info: https://download024.fshare.vn/dl/0O+D6bwyKdxJ2H6sQstqc-tlmDXSCHwIYH+-5Ls9DRIvcmHH9Dr1ESUBQoTriYvVk80OnlhT2yKu0vzw/FS_High.Low.The.Movie.2016.720p.BluRay.x264-WiKi.mkv
2021-02-08T15:09:59.387Z info: start download
2021-02-08T15:09:59.686Z info: download done
2021-02-08T15:10:00.912Z info: start download
2021-02-08T15:10:00.995Z info: download done
2021-02-08T15:11:02.370Z info: start download
2021-02-08T15:11:02.599Z info: download done
2021-02-08T15:11:03.245Z info: start download
2021-02-08T15:11:03.318Z info: download done
2021-02-08T15:12:02.327Z info: start download
2021-02-08T15:12:02.590Z info: download done
2021-02-08T15:12:03.267Z info: start download
2021-02-08T15:12:03.339Z info: download done
2021-02-08T15:12:25.936Z info: start download
2021-02-08T15:14:34.387Z info: download done
2021-02-08T15:14:58.288Z info: download done
2021-02-08T15:17:34.758Z info: start download
2021-02-08T15:22:34.440Z info: download done
2021-02-08T15:27:30.312Z info: ::ffff:125.235.235.124 GET /get/LN9Z1TUFB36CU2D
2021-02-08T15:27:30.314Z info: getting download link...
2021-02-08T15:27:31.020Z info: https://download022.fshare.vn/dl/h8JLU++zNioPA4J-yet7titFJcMJzy5HbBdQghmLp2ZJhZiHM42sP4AdVtIo19z+6HvttnFGAVKxTKOb/Dogville.2003.HDTV.720p.x264.AC3-AdiT.mkv
2021-02-08T15:27:38.807Z info: start download
2021-02-08T15:27:38.854Z info: download done
2021-02-08T15:27:40.938Z info: start download
2021-02-08T15:27:40.984Z info: download done
2021-02-08T15:27:50.873Z info: start download
2021-02-08T15:27:50.919Z info: download done
2021-02-08T15:27:51.387Z info: start download
2021-02-08T15:27:51.433Z info: download done
2021-02-08T15:27:57.202Z info: start download
2021-02-08T15:27:57.249Z info: download done
2021-02-08T15:28:01.029Z info: start download
2021-02-08T15:28:01.076Z info: download done
2021-02-08T15:28:16.126Z info: ::ffff:125.235.235.124 GET /get/LN9Z1TUFB36CU2D
2021-02-08T15:28:16.128Z info: getting download link...
2021-02-08T15:28:26.891Z info: https://download022.fshare.vn/dl/9+1gf364WPUnu6uKjwtLW5DKmp4BihdEV670bLUgqADBVzxqO2bkUp-J2nfyIboj240xBiPN5eayp8E7/Dogville.2003.HDTV.720p.x264.AC3-AdiT.mkv
